#
# There is insufficient memory for the Java Runtime Environment to continue.
# Native memory allocation (malloc) failed to allocate 32784 bytes for Chunk::new
# Possible reasons:
#   The system is out of physical RAM or swap space
#   In 32 bit mode, the process size limit was hit
# Possible solutions:
#   Reduce memory load on the system
#   Increase physical memory or swap space
#   Check if swap backing store is full
#   Use 64 bit Java on a 64 bit OS
#   Decrease Java heap size (-Xmx/-Xms)
#   Decrease number of Java threads
#   Decrease Java thread stack sizes (-Xss)
#   Set larger code cache with -XX:ReservedCodeCacheSize=
# This output file may be truncated or incomplete.
#
#  Out of Memory Error (allocation.cpp:390), pid=20408, tid=0x0000000000000d80
#
# JRE version: Java(TM) SE Runtime Environment (8.0_191-b12) (build 1.8.0_191-b12)
# Java VM: Java HotSpot(TM) 64-Bit Server VM (25.191-b12 mixed mode windows-amd64 compressed oops)
# Failed to write core dump. Minidumps are not enabled by default on client versions of Windows
#

---------------  T H R E A D  ---------------

Current thread (0x0000000017d86800):  JavaThread "C2 CompilerThread0" daemon [_thread_in_native, id=3456, stack(0x0000000019400000,0x0000000019500000)]

Stack: [0x0000000019400000,0x0000000019500000]
[error occurred during error reporting (printing stack bounds), id 0xc0000005]

Native frames: (J=compiled Java code, j=interpreted, Vv=VM code, C=native code)


Current CompileTask:
C2:12313262 6928       4       org.hibernate.validator.internal.util.TypeHelper::resolveTypes (149 bytes)


---------------  P R O C E S S  ---------------

Java Threads: ( => current thread )
  0x000000002089a800 JavaThread "http-nio-8085-Acceptor" daemon [_thread_in_native, id=15344, stack(0x0000000024dd0000,0x0000000024ed0000)]
  0x0000000020899800 JavaThread "http-nio-8085-ClientPoller" daemon [_thread_in_native, id=18300, stack(0x0000000024cd0000,0x0000000024dd0000)]
  0x000000002089c000 JavaThread "http-nio-8085-exec-10" daemon [_thread_blocked, id=22324, stack(0x00000000247d0000,0x00000000248d0000)]
  0x0000000020898000 JavaThread "http-nio-8085-exec-9" daemon [_thread_blocked, id=12148, stack(0x00000000246d0000,0x00000000247d0000)]
  0x000000001eeaf800 JavaThread "http-nio-8085-exec-8" daemon [_thread_blocked, id=11168, stack(0x00000000245d0000,0x00000000246d0000)]
  0x000000001eeb4000 JavaThread "http-nio-8085-exec-7" daemon [_thread_blocked, id=19836, stack(0x00000000244d0000,0x00000000245d0000)]
  0x000000001eeaf000 JavaThread "http-nio-8085-exec-6" daemon [_thread_blocked, id=7404, stack(0x00000000243d0000,0x00000000244d0000)]
  0x000000001eeb2800 JavaThread "http-nio-8085-exec-5" daemon [_thread_blocked, id=11940, stack(0x00000000242d0000,0x00000000243d0000)]
  0x000000001eeb1000 JavaThread "http-nio-8085-exec-4" daemon [_thread_blocked, id=16416, stack(0x00000000241d0000,0x00000000242d0000)]
  0x000000001eeb3800 JavaThread "http-nio-8085-exec-3" daemon [_thread_blocked, id=3852, stack(0x00000000240d0000,0x00000000241d0000)]
  0x000000001eeb0800 JavaThread "http-nio-8085-exec-2" daemon [_thread_blocked, id=19004, stack(0x0000000023fd0000,0x00000000240d0000)]
  0x000000001eeb2000 JavaThread "http-nio-8085-exec-1" daemon [_thread_blocked, id=9212, stack(0x0000000023ed0000,0x0000000023fd0000)]
  0x000000001eea7800 JavaThread "http-nio-8085-BlockPoller" daemon [_thread_in_native, id=15008, stack(0x0000000023dd0000,0x0000000023ed0000)]
  0x000000001eead800 JavaThread "File Watcher" daemon [_thread_blocked, id=22536, stack(0x0000000023cd0000,0x0000000023dd0000)]
  0x000000001eea8000 JavaThread "SpringBootJPAHikariCP connection adder" daemon [_thread_blocked, id=9272, stack(0x00000000226c0000,0x00000000227c0000)]
  0x000000001eeae000 JavaThread "SpringBootJPAHikariCP housekeeper" daemon [_thread_blocked, id=9356, stack(0x0000000021dc0000,0x0000000021ec0000)]
  0x000000001eea9000 JavaThread "container-0" [_thread_blocked, id=10380, stack(0x0000000021cc0000,0x0000000021dc0000)]
  0x000000001eea9800 JavaThread "Catalina-utility-2" [_thread_blocked, id=18052, stack(0x0000000021380000,0x0000000021480000)]
  0x000000001eea6800 JavaThread "Catalina-utility-1" [_thread_blocked, id=16540, stack(0x000000001b830000,0x000000001b930000)]
  0x000000001eeaa800 JavaThread "DestroyJavaVM" [_thread_blocked, id=17892, stack(0x0000000003040000,0x0000000003140000)]
  0x000000001cb7f000 JavaThread "Live Reload Server" daemon [_thread_in_native, id=22812, stack(0x00000000227c0000,0x00000000228c0000)]
  0x000000001b18b800 JavaThread "mysql-cj-abandoned-connection-cleanup" daemon [_thread_blocked, id=23388, stack(0x00000000215c0000,0x00000000216c0000)]
  0x0000000019728800 JavaThread "Service Thread" daemon [_thread_blocked, id=8924, stack(0x0000000019b00000,0x0000000019c00000)]
  0x0000000017d91000 JavaThread "C1 CompilerThread2" daemon [_thread_blocked, id=20828, stack(0x0000000019600000,0x0000000019700000)]
  0x0000000017d88800 JavaThread "C2 CompilerThread1" daemon [_thread_blocked, id=13796, stack(0x0000000019500000,0x0000000019600000)]
=>0x0000000017d86800 JavaThread "C2 CompilerThread0" daemon [_thread_in_native, id=3456, stack(0x0000000019400000,0x0000000019500000)]
  0x0000000017d85000 JavaThread "Attach Listener" daemon [_thread_blocked, id=16508, stack(0x0000000019300000,0x0000000019400000)]
  0x0000000017d84000 JavaThread "Signal Dispatcher" daemon [_thread_blocked, id=14360, stack(0x0000000019200000,0x0000000019300000)]
  0x0000000017d6b000 JavaThread "Finalizer" daemon [_thread_blocked, id=13672, stack(0x0000000018ff0000,0x00000000190f0000)]
  0x0000000017d6a000 JavaThread "Reference Handler" daemon [_thread_blocked, id=8720, stack(0x0000000018ef0000,0x0000000018ff0000)]

Other Threads:
  0x0000000017d48000 VMThread [stack: 0x0000000018df0000,0x0000000018ef0000] [id=17344]
  0x0000000017ddd800 WatcherThread [stack: 0x0000000019c00000,0x0000000019d00000] [id=17496]

VM state:not at safepoint (normal execution)

VM Mutex/Monitor currently owned by a thread: None

Heap:
 PSYoungGen      total 175616K, used 142717K [0x00000000d5e00000, 0x00000000e2000000, 0x0000000100000000)
  eden space 154624K, 92% used [0x00000000d5e00000,0x00000000de95f5e8,0x00000000df500000)
  from space 20992K, 0% used [0x00000000e0b80000,0x00000000e0b80000,0x00000000e2000000)
  to   space 22016K, 0% used [0x00000000df500000,0x00000000df500000,0x00000000e0a80000)
 ParOldGen       total 143872K, used 24315K [0x0000000081a00000, 0x000000008a680000, 0x00000000d5e00000)
  object space 143872K, 16% used [0x0000000081a00000,0x00000000831bed30,0x000000008a680000)
 Metaspace       used 60294K, capacity 63564K, committed 63768K, reserved 1103872K
  class space    used 8116K, capacity 8675K, committed 8744K, reserved 1048576K

Card table byte_map: [0x0000000012600000,0x0000000012a00000] byte_map_base: 0x00000000121f3000

Marking Bits: (ParMarkBitMap*) 0x000000006b2f3e30
 Begin Bits: [0x00000000130b0000, 0x0000000015048000)
 End Bits:   [0x0000000015048000, 0x0000000016fe0000)

Polling page: 0x00000000013f0000

CodeCache: size=245760Kb used=23804Kb max_used=23827Kb free=221955Kb
 bounds [0x0000000003240000, 0x00000000049a0000, 0x0000000012240000]
 total_blobs=6735 nmethods=6169 adapters=477
 compilation: enabled

Compilation events (10 events):
Event: 12309.626 Thread 0x0000000017d88800 7306       4       org.springframework.boot.autoconfigure.condition.ConditionEvaluationReport$$Lambda$790/860997442::accept (20 bytes)
Event: 12309.636 Thread 0x0000000017d88800 nmethod 7306 0x000000000499c4d0 code [0x000000000499c680, 0x000000000499cc18]
Event: 12309.636 Thread 0x0000000017d88800 7307       4       org.springframework.boot.autoconfigure.condition.ConditionEvaluationReport::lambda$addNoMatchOutcomeToAncestors$1 (54 bytes)
Event: 12309.644 Thread 0x0000000017d88800 nmethod 7307 0x000000000499d290 code [0x000000000499d440, 0x000000000499d938]
Event: 12309.645 Thread 0x0000000017d88800 7135       4       java.util.stream.ReferencePipeline$2::opWrapSink (10 bytes)
Event: 12309.647 Thread 0x0000000017d88800 nmethod 7135 0x00000000037f9390 code [0x00000000037f94e0, 0x00000000037f9638]
Event: 12309.647 Thread 0x0000000017d88800 7085       4       org.springframework.transaction.annotation.AnnotationTransactionAttributeSource::findTransactionAttribute (6 bytes)
Event: 12309.648 Thread 0x0000000017d88800 nmethod 7085 0x0000000004855d90 code [0x0000000004855ee0, 0x0000000004855f68]
Event: 12312.700 Thread 0x0000000017d91000 7322       3       org.springframework.boot.devtools.filewatch.FileSnapshot::equals (110 bytes)
Event: 12312.701 Thread 0x0000000017d91000 nmethod 7322 0x000000000496c490 code [0x000000000496c680, 0x000000000496d228]

GC Heap History (10 events):
Event: 5630.707 GC heap before
{Heap before GC invocations=16 (full 3):
 PSYoungGen      total 152064K, used 152038K [0x00000000d5e00000, 0x00000000e1200000, 0x0000000100000000)
  eden space 144384K, 100% used [0x00000000d5e00000,0x00000000deb00000,0x00000000deb00000)
  from space 7680K, 99% used [0x00000000e0400000,0x00000000e0b79978,0x00000000e0b80000)
  to   space 19968K, 0% used [0x00000000deb00000,0x00000000deb00000,0x00000000dfe80000)
 ParOldGen       total 143872K, used 27644K [0x0000000081a00000, 0x000000008a680000, 0x00000000d5e00000)
  object space 143872K, 19% used [0x0000000081a00000,0x00000000834ff198,0x000000008a680000)
 Metaspace       used 59270K, capacity 62408K, committed 62616K, reserved 1103872K
  class space    used 8064K, capacity 8572K, committed 8616K, reserved 1048576K
Event: 5630.853 GC heap after
Heap after GC invocations=16 (full 3):
 PSYoungGen      total 164352K, used 15147K [0x00000000d5e00000, 0x00000000e2700000, 0x0000000100000000)
  eden space 144384K, 0% used [0x00000000d5e00000,0x00000000d5e00000,0x00000000deb00000)
  from space 19968K, 75% used [0x00000000deb00000,0x00000000df9caf08,0x00000000dfe80000)
  to   space 21504K, 0% used [0x00000000e1200000,0x00000000e1200000,0x00000000e2700000)
 ParOldGen       total 143872K, used 27652K [0x0000000081a00000, 0x000000008a680000, 0x00000000d5e00000)
  object space 143872K, 19% used [0x0000000081a00000,0x0000000083501198,0x000000008a680000)
 Metaspace       used 59270K, capacity 62408K, committed 62616K, reserved 1103872K
  class space    used 8064K, capacity 8572K, committed 8616K, reserved 1048576K
}
Event: 8085.144 GC heap before
{Heap before GC invocations=17 (full 3):
 PSYoungGen      total 164352K, used 159531K [0x00000000d5e00000, 0x00000000e2700000, 0x0000000100000000)
  eden space 144384K, 100% used [0x00000000d5e00000,0x00000000deb00000,0x00000000deb00000)
  from space 19968K, 75% used [0x00000000deb00000,0x00000000df9caf08,0x00000000dfe80000)
  to   space 21504K, 0% used [0x00000000e1200000,0x00000000e1200000,0x00000000e2700000)
 ParOldGen       total 143872K, used 27652K [0x0000000081a00000, 0x000000008a680000, 0x00000000d5e00000)
  object space 143872K, 19% used [0x0000000081a00000,0x0000000083501198,0x000000008a680000)
 Metaspace       used 59323K, capacity 62420K, committed 62616K, reserved 1103872K
  class space    used 8066K, capacity 8574K, committed 8616K, reserved 1048576K
Event: 8085.191 GC heap after
Heap after GC invocations=17 (full 3):
 PSYoungGen      total 177152K, used 14564K [0x00000000d5e00000, 0x00000000e2400000, 0x0000000100000000)
  eden space 158720K, 0% used [0x00000000d5e00000,0x00000000d5e00000,0x00000000df900000)
  from space 18432K, 79% used [0x00000000e1200000,0x00000000e2039010,0x00000000e2400000)
  to   space 22016K, 0% used [0x00000000df900000,0x00000000df900000,0x00000000e0e80000)
 ParOldGen       total 143872K, used 27660K [0x0000000081a00000, 0x000000008a680000, 0x00000000d5e00000)
  object space 143872K, 19% used [0x0000000081a00000,0x0000000083503198,0x000000008a680000)
 Metaspace       used 59323K, capacity 62420K, committed 62616K, reserved 1103872K
  class space    used 8066K, capacity 8574K, committed 8616K, reserved 1048576K
}
Event: 10745.105 GC heap before
{Heap before GC invocations=18 (full 3):
 PSYoungGen      total 177152K, used 173284K [0x00000000d5e00000, 0x00000000e2400000, 0x0000000100000000)
  eden space 158720K, 100% used [0x00000000d5e00000,0x00000000df900000,0x00000000df900000)
  from space 18432K, 79% used [0x00000000e1200000,0x00000000e2039010,0x00000000e2400000)
  to   space 22016K, 0% used [0x00000000df900000,0x00000000df900000,0x00000000e0e80000)
 ParOldGen       total 143872K, used 27660K [0x0000000081a00000, 0x000000008a680000, 0x00000000d5e00000)
  object space 143872K, 19% used [0x0000000081a00000,0x0000000083503198,0x000000008a680000)
 Metaspace       used 59334K, capacity 62420K, committed 62616K, reserved 1103872K
  class space    used 8066K, capacity 8574K, committed 8616K, reserved 1048576K
Event: 10745.138 GC heap after
Heap after GC invocations=18 (full 3):
 PSYoungGen      total 171008K, used 16356K [0x00000000d5e00000, 0x00000000e2200000, 0x0000000100000000)
  eden space 154624K, 0% used [0x00000000d5e00000,0x00000000d5e00000,0x00000000df500000)
  from space 16384K, 99% used [0x00000000df900000,0x00000000e08f92d0,0x00000000e0900000)
  to   space 23040K, 0% used [0x00000000e0b80000,0x00000000e0b80000,0x00000000e2200000)
 ParOldGen       total 143872K, used 27668K [0x0000000081a00000, 0x000000008a680000, 0x00000000d5e00000)
  object space 143872K, 19% used [0x0000000081a00000,0x0000000083505198,0x000000008a680000)
 Metaspace       used 59334K, capacity 62420K, committed 62616K, reserved 1103872K
  class space    used 8066K, capacity 8574K, committed 8616K, reserved 1048576K
}
Event: 12303.037 GC heap before
{Heap before GC invocations=19 (full 3):
 PSYoungGen      total 171008K, used 141701K [0x00000000d5e00000, 0x00000000e2200000, 0x0000000100000000)
  eden space 154624K, 81% used [0x00000000d5e00000,0x00000000dd8682f8,0x00000000df500000)
  from space 16384K, 99% used [0x00000000df900000,0x00000000e08f92d0,0x00000000e0900000)
  to   space 23040K, 0% used [0x00000000e0b80000,0x00000000e0b80000,0x00000000e2200000)
 ParOldGen       total 143872K, used 27668K [0x0000000081a00000, 0x000000008a680000, 0x00000000d5e00000)
  object space 143872K, 19% used [0x0000000081a00000,0x0000000083505198,0x000000008a680000)
 Metaspace       used 59448K, capacity 62630K, committed 63000K, reserved 1103872K
  class space    used 8081K, capacity 8618K, committed 8744K, reserved 1048576K
Event: 12303.063 GC heap after
Heap after GC invocations=19 (full 3):
 PSYoungGen      total 175616K, used 10050K [0x00000000d5e00000, 0x00000000e2000000, 0x0000000100000000)
  eden space 154624K, 0% used [0x00000000d5e00000,0x00000000d5e00000,0x00000000df500000)
  from space 20992K, 47% used [0x00000000e0b80000,0x00000000e1550ad0,0x00000000e2000000)
  to   space 22016K, 0% used [0x00000000df500000,0x00000000df500000,0x00000000e0a80000)
 ParOldGen       total 143872K, used 27676K [0x0000000081a00000, 0x000000008a680000, 0x00000000d5e00000)
  object space 143872K, 19% used [0x0000000081a00000,0x0000000083507198,0x000000008a680000)
 Metaspace       used 59448K, capacity 62630K, committed 63000K, reserved 1103872K
  class space    used 8081K, capacity 8618K, committed 8744K, reserved 1048576K
}
Event: 12303.063 GC heap before
{Heap before GC invocations=20 (full 4):
 PSYoungGen      total 175616K, used 10050K [0x00000000d5e00000, 0x00000000e2000000, 0x0000000100000000)
  eden space 154624K, 0% used [0x00000000d5e00000,0x00000000d5e00000,0x00000000df500000)
  from space 20992K, 47% used [0x00000000e0b80000,0x00000000e1550ad0,0x00000000e2000000)
  to   space 22016K, 0% used [0x00000000df500000,0x00000000df500000,0x00000000e0a80000)
 ParOldGen       total 143872K, used 27676K [0x0000000081a00000, 0x000000008a680000, 0x00000000d5e00000)
  object space 143872K, 19% used [0x0000000081a00000,0x0000000083507198,0x000000008a680000)
 Metaspace       used 59448K, capacity 62630K, committed 63000K, reserved 1103872K
  class space    used 8081K, capacity 8618K, committed 8744K, reserved 1048576K
Event: 12304.219 GC heap after
Heap after GC invocations=20 (full 4):
 PSYoungGen      total 175616K, used 0K [0x00000000d5e00000, 0x00000000e2000000, 0x0000000100000000)
  eden space 154624K, 0% used [0x00000000d5e00000,0x00000000d5e00000,0x00000000df500000)
  from space 20992K, 0% used [0x00000000e0b80000,0x00000000e0b80000,0x00000000e2000000)
  to   space 22016K, 0% used [0x00000000df500000,0x00000000df500000,0x00000000e0a80000)
 ParOldGen       total 143872K, used 24315K [0x0000000081a00000, 0x000000008a680000, 0x00000000d5e00000)
  object space 143872K, 16% used [0x0000000081a00000,0x00000000831bed30,0x000000008a680000)
 Metaspace       used 59326K, capacity 62436K, committed 63000K, reserved 1103872K
  class space    used 8061K, capacity 8581K, committed 8744K, reserved 1048576K
}

Deoptimization events (10 events):
Event: 12304.879 Thread 0x000000001eea5000 Uncommon trap: reason=class_check action=maybe_recompile pc=0x0000000003da371c method=org.springframework.core.annotation.TypeMappedAnnotations$MergedAnnotationFinder.doWithAnnotations(Ljava/lang/Object;ILjava/lang/Object;[Ljava/lang/annotation/Annotation
Event: 12304.952 Thread 0x000000001eea5000 Uncommon trap: reason=unstable_if action=reinterpret pc=0x0000000004085e64 method=java.lang.ref.SoftReference.get()Ljava/lang/Object; @ 6
Event: 12304.953 Thread 0x000000001eea5000 Uncommon trap: reason=unstable_if action=reinterpret pc=0x0000000003d6fe38 method=java.lang.ref.SoftReference.get()Ljava/lang/Object; @ 6
Event: 12305.091 Thread 0x000000001eea5000 Uncommon trap: reason=unstable_if action=reinterpret pc=0x00000000034984c4 method=java.util.Properties.load0(Ljava/util/Properties$LineReader;)V @ 145
Event: 12305.093 Thread 0x000000001eea5000 Uncommon trap: reason=unstable_if action=reinterpret pc=0x0000000003dade18 method=java.util.Properties.load0(Ljava/util/Properties$LineReader;)V @ 145
Event: 12307.304 Thread 0x000000001eea5000 Uncommon trap: reason=unstable_if action=reinterpret pc=0x00000000041fbcf0 method=org.springframework.core.annotation.TypeMappedAnnotations$IsPresent.doWithAnnotations(Ljava/lang/Object;ILjava/lang/Object;[Ljava/lang/annotation/Annotation;)Ljava/lang/Bool
Event: 12308.361 Thread 0x000000001eea5000 Uncommon trap: reason=null_check action=make_not_entrant pc=0x00000000047770c0 method=java.lang.Class.isAnnotation()Z @ 1
Event: 12308.958 Thread 0x000000001eea5000 Uncommon trap: reason=unstable_if action=reinterpret pc=0x00000000040e31bc method=org.springframework.util.ClassUtils.isAssignable(Ljava/lang/Class;Ljava/lang/Class;)Z @ 66
Event: 12309.585 Thread 0x0000000020899800 Uncommon trap: reason=unstable_if action=reinterpret pc=0x00000000042c47f4 method=java.nio.channels.spi.AbstractSelector.begin()V @ 4
Event: 12310.586 Thread 0x0000000020899800 Uncommon trap: reason=unstable_if action=reinterpret pc=0x000000000445cb54 method=org.apache.tomcat.util.net.NioEndpoint$Poller.timeout(IZ)V @ 10

Classes redefined (0 events):
No events

Internal exceptions (10 events):
Event: 12308.334 Thread 0x000000001eea5000 Implicit null exception at 0x000000000383be0d to 0x000000000383c37c
Event: 12308.334 Thread 0x000000001eea5000 Exception <a 'java/lang/NullPointerException'> (0x00000000dbf6b830) thrown at [C:\re\workspace\8-2-build-windows-amd64-cygwin\jdk8u191\11896\hotspot\src\share\vm\runtime\sharedRuntime.cpp, line 605]
Event: 12308.334 Thread 0x000000001eea5000 Implicit null exception at 0x000000000383be0d to 0x000000000383c37c
Event: 12308.334 Thread 0x000000001eea5000 Exception <a 'java/lang/NullPointerException'> (0x00000000dbf6c4c0) thrown at [C:\re\workspace\8-2-build-windows-amd64-cygwin\jdk8u191\11896\hotspot\src\share\vm\runtime\sharedRuntime.cpp, line 605]
Event: 12308.334 Thread 0x000000001eea5000 Implicit null exception at 0x000000000383be0d to 0x000000000383c37c
Event: 12308.334 Thread 0x000000001eea5000 Exception <a 'java/lang/NullPointerException'> (0x00000000dbf6d168) thrown at [C:\re\workspace\8-2-build-windows-amd64-cygwin\jdk8u191\11896\hotspot\src\share\vm\runtime\sharedRuntime.cpp, line 605]
Event: 12308.874 Thread 0x000000001eea5000 Exception <a 'java/lang/ClassNotFoundException': java/lang/ObjectCustomizer> (0x00000000dcd88080) thrown at [C:\re\workspace\8-2-build-windows-amd64-cygwin\jdk8u191\11896\hotspot\src\share\vm\classfile\systemDictionary.cpp, line 210]
Event: 12308.875 Thread 0x000000001eea5000 Exception <a 'java/lang/ClassNotFoundException': br/com/cadastroapp/model/ValidadorConnectionCustomizer> (0x00000000dcda1540) thrown at [C:\re\workspace\8-2-build-windows-amd64-cygwin\jdk8u191\11896\hotspot\src\share\vm\classfile\systemDictionary.cpp, lin
Event: 12308.955 Thread 0x000000001eea5000 Exception <a 'java/lang/reflect/InvocationTargetException'> (0x00000000dd3a8860) thrown at [C:\re\workspace\8-2-build-windows-amd64-cygwin\jdk8u191\11896\hotspot\src\share\vm\runtime\reflection.cpp, line 1092]
Event: 12308.961 Thread 0x000000001eea5000 Exception <a 'java/lang/reflect/InvocationTargetException'> (0x00000000dd3c92f8) thrown at [C:\re\workspace\8-2-build-windows-amd64-cygwin\jdk8u191\11896\hotspot\src\share\vm\runtime\reflection.cpp, line 1092]

Events (10 events):
Event: 12309.603 Thread 0x0000000017d88800 flushing nmethod 0x00000000033b2650
Event: 12309.623 Thread 0x0000000017d88800 flushing nmethod 0x000000000351f310
Event: 12309.644 Thread 0x0000000017d88800 flushing nmethod 0x00000000037b0dd0
Event: 12309.644 Thread 0x0000000017d88800 flushing nmethod 0x00000000037b14d0
Event: 12309.644 Thread 0x0000000017d88800 flushing nmethod 0x00000000037f9390
Event: 12309.648 Thread 0x0000000017d88800 flushing nmethod 0x0000000003a37a50
Event: 12310.586 Thread 0x0000000020899800 Uncommon trap: trap_request=0xffffff65 fr.pc=0x000000000445cb54
Event: 12310.586 Thread 0x0000000020899800 DEOPT PACKING pc=0x000000000445cb54 sp=0x0000000024dcece0
Event: 12310.586 Thread 0x0000000020899800 DEOPT UNPACKING pc=0x000000000328583b sp=0x0000000024dcecb8 mode 2
Event: 12312.702 Thread 0x0000000017d91000 flushing nmethod 0x0000000003c29490


Dynamic libraries:
0x00007ff70b950000 - 0x00007ff70b987000 	C:\Program Files\Java\jdk1.8.0_191\bin\java.exe
0x00007ff9cf3e0000 - 0x00007ff9cf5d0000 	C:\WINDOWS\SYSTEM32\ntdll.dll
0x00007ff9ced70000 - 0x00007ff9cee22000 	C:\WINDOWS\System32\KERNEL32.DLL
0x00007ff9cc450000 - 0x00007ff9cc6f3000 	C:\WINDOWS\System32\KERNELBASE.dll
0x00007ff9ca440000 - 0x00007ff9ca4cf000 	C:\WINDOWS\SYSTEM32\apphelp.dll
0x00007ff9cd8a0000 - 0x00007ff9cd943000 	C:\WINDOWS\System32\ADVAPI32.dll
0x00007ff9ce860000 - 0x00007ff9ce8fe000 	C:\WINDOWS\System32\msvcrt.dll
0x00007ff9cf1c0000 - 0x00007ff9cf257000 	C:\WINDOWS\System32\sechost.dll
0x00007ff9ce510000 - 0x00007ff9ce630000 	C:\WINDOWS\System32\RPCRT4.dll
0x00007ff9cf020000 - 0x00007ff9cf1b4000 	C:\WINDOWS\System32\USER32.dll
0x00007ff9cceb0000 - 0x00007ff9cced1000 	C:\WINDOWS\System32\win32u.dll
0x00007ff9cf310000 - 0x00007ff9cf336000 	C:\WINDOWS\System32\GDI32.dll
0x00007ff9cd240000 - 0x00007ff9cd3d4000 	C:\WINDOWS\System32\gdi32full.dll
0x00007ff9cd150000 - 0x00007ff9cd1ee000 	C:\WINDOWS\System32\msvcp_win.dll
0x00007ff9ccee0000 - 0x00007ff9ccfda000 	C:\WINDOWS\System32\ucrtbase.dll
0x00007ff9bcce0000 - 0x00007ff9bcf65000 	C:\WINDOWS\WinSxS\amd64_microsoft.windows.common-controls_6595b64144ccf1df_6.0.18362.720_none_e6beb5c51314836b\COMCTL32.dll
0x00007ff9cd950000 - 0x00007ff9cdc86000 	C:\WINDOWS\System32\combase.dll
0x00007ff9cc3d0000 - 0x00007ff9cc450000 	C:\WINDOWS\System32\bcryptPrimitives.dll
0x00007ff9cdd60000 - 0x00007ff9cdd8e000 	C:\WINDOWS\System32\IMM32.DLL
0x000000006a9f0000 - 0x000000006aac2000 	C:\Program Files\Java\jdk1.8.0_191\jre\bin\msvcr100.dll
0x000000006aad0000 - 0x000000006b374000 	C:\Program Files\Java\jdk1.8.0_191\jre\bin\server\jvm.dll
0x00007ff9ce490000 - 0x00007ff9ce498000 	C:\WINDOWS\System32\PSAPI.DLL
0x00007ff9b96d0000 - 0x00007ff9b96d9000 	C:\WINDOWS\SYSTEM32\WSOCK32.dll
0x00007ff9cd510000 - 0x00007ff9cd57f000 	C:\WINDOWS\System32\WS2_32.dll
0x00007ff9c1d00000 - 0x00007ff9c1d0a000 	C:\WINDOWS\SYSTEM32\VERSION.dll
0x00007ff9ca210000 - 0x00007ff9ca234000 	C:\WINDOWS\SYSTEM32\WINMM.dll
0x00007ff9ca100000 - 0x00007ff9ca12d000 	C:\WINDOWS\SYSTEM32\winmmbase.dll
0x00007ff9cd1f0000 - 0x00007ff9cd23a000 	C:\WINDOWS\System32\cfgmgr32.dll
0x000000006a9a0000 - 0x000000006a9af000 	C:\Program Files\Java\jdk1.8.0_191\jre\bin\verify.dll
0x000000006a970000 - 0x000000006a999000 	C:\Program Files\Java\jdk1.8.0_191\jre\bin\java.dll
0x000000006a950000 - 0x000000006a966000 	C:\Program Files\Java\jdk1.8.0_191\jre\bin\zip.dll
0x00007ff9cdda0000 - 0x00007ff9ce485000 	C:\WINDOWS\System32\SHELL32.dll
0x00007ff9cef70000 - 0x00007ff9cf019000 	C:\WINDOWS\System32\shcore.dll
0x00007ff9cc700000 - 0x00007ff9cce80000 	C:\WINDOWS\System32\windows.storage.dll
0x00007ff9cc300000 - 0x00007ff9cc323000 	C:\WINDOWS\System32\profapi.dll
0x00007ff9cc2b0000 - 0x00007ff9cc2fa000 	C:\WINDOWS\System32\powrprof.dll
0x00007ff9cc2a0000 - 0x00007ff9cc2b0000 	C:\WINDOWS\System32\UMPDC.dll
0x00007ff9ce4a0000 - 0x00007ff9ce4f2000 	C:\WINDOWS\System32\shlwapi.dll
0x00007ff9cc330000 - 0x00007ff9cc341000 	C:\WINDOWS\System32\kernel.appcore.dll
0x00007ff9ccfe0000 - 0x00007ff9ccff7000 	C:\WINDOWS\System32\cryptsp.dll
0x000000006a6c0000 - 0x000000006a6cd000 	C:\Program Files\Java\jdk1.8.0_191\jre\bin\management.dll
0x000000006a930000 - 0x000000006a94a000 	C:\Program Files\Java\jdk1.8.0_191\jre\bin\net.dll
0x00007ff9cbb10000 - 0x00007ff9cbb77000 	C:\WINDOWS\system32\mswsock.dll
0x00007ff9b0f80000 - 0x00007ff9b0f96000 	C:\WINDOWS\system32\napinsp.dll
0x00007ff9b0e80000 - 0x00007ff9b0e9a000 	C:\WINDOWS\system32\pnrpnsp.dll
0x00007ff9cb860000 - 0x00007ff9cb92a000 	C:\WINDOWS\SYSTEM32\DNSAPI.dll
0x00007ff9ce500000 - 0x00007ff9ce508000 	C:\WINDOWS\System32\NSI.dll
0x00007ff9cb820000 - 0x00007ff9cb85a000 	C:\WINDOWS\SYSTEM32\IPHLPAPI.DLL
0x00007ff9b9fb0000 - 0x00007ff9b9fbe000 	C:\WINDOWS\System32\winrnr.dll
0x00007ff9c8b00000 - 0x00007ff9c8b1c000 	C:\WINDOWS\system32\NLAapi.dll
0x00007ff9c7cb0000 - 0x00007ff9c7cc5000 	C:\WINDOWS\system32\wshbth.dll
0x00007ff9bccd0000 - 0x00007ff9bccda000 	C:\Windows\System32\rasadhlp.dll
0x00007ff9bf830000 - 0x00007ff9bf8a7000 	C:\WINDOWS\System32\fwpuclnt.dll
0x00007ff9cce80000 - 0x00007ff9ccea6000 	C:\WINDOWS\System32\bcrypt.dll
0x000000006a910000 - 0x000000006a921000 	C:\Program Files\Java\jdk1.8.0_191\jre\bin\nio.dll
0x00007ff9cb680000 - 0x00007ff9cb6b3000 	C:\WINDOWS\system32\rsaenh.dll
0x00007ff9cc190000 - 0x00007ff9cc1b5000 	C:\WINDOWS\SYSTEM32\USERENV.dll
0x00007ff9cbce0000 - 0x00007ff9cbcec000 	C:\WINDOWS\SYSTEM32\CRYPTBASE.dll
0x00007ff9c1e80000 - 0x00007ff9c1e96000 	C:\WINDOWS\SYSTEM32\dhcpcsvc6.DLL
0x00007ff9c4230000 - 0x00007ff9c424c000 	C:\WINDOWS\SYSTEM32\dhcpcsvc.DLL

VM Arguments:
java_command: br.com.cadastroapp.CadastroappApplication
java_class_path (initial): C:\Users\evert\Dropbox\cadastroapp\target\classes;C:\Users\evert\.m2\repository\com\zaxxer\HikariCP\3.4.1\HikariCP-3.4.1.jar;C:\Users\evert\.m2\repository\org\slf4j\slf4j-api\1.7.29\slf4j-api-1.7.29.jar;C:\Users\evert\.m2\repository\org\springframework\boot\spring-boot-starter-data-jpa\2.2.2.RELEASE\spring-boot-starter-data-jpa-2.2.2.RELEASE.jar;C:\Users\evert\.m2\repository\org\springframework\boot\spring-boot-starter-aop\2.2.2.RELEASE\spring-boot-starter-aop-2.2.2.RELEASE.jar;C:\Users\evert\.m2\repository\org\aspectj\aspectjweaver\1.9.5\aspectjweaver-1.9.5.jar;C:\Users\evert\.m2\repository\org\springframework\boot\spring-boot-starter-jdbc\2.2.2.RELEASE\spring-boot-starter-jdbc-2.2.2.RELEASE.jar;C:\Users\evert\.m2\repository\org\springframework\spring-jdbc\5.2.2.RELEASE\spring-jdbc-5.2.2.RELEASE.jar;C:\Users\evert\.m2\repository\jakarta\activation\jakarta.activation-api\1.2.1\jakarta.activation-api-1.2.1.jar;C:\Users\evert\.m2\repository\jakarta\persistence\jakarta.persistence-api\2.2.3\jakarta.persistence-api-2.2.3.jar;C:\Users\evert\.m2\repository\jakarta\transaction\jakarta.transaction-api\1.3.3\jakarta.transaction-api-1.3.3.jar;C:\Users\evert\.m2\repository\org\springframework\data\spring-data-jpa\2.2.3.RELEASE\spring-data-jpa-2.2.3.RELEASE.jar;C:\Users\evert\.m2\repository\org\springframework\data\spring-data-commons\2.2.3.RELEASE\spring-data-commons-2.2.3.RELEASE.jar;C:\Users\evert\.m2\repository\org\springframework\spring-orm\5.2.2.RELEASE\spring-orm-5.2.2.RELEASE.jar;C:\Users\evert\.m2\repository\org\springframework\spring-tx\5.2.2.RELEASE\spring-tx-5.2.2.RELEASE.jar;C:\Users\evert\.m2\repository\org\springframework\spring-aspects\5.2.2.RELEASE\spring-aspects-5.2.2.RELEASE.jar;C:\Users\evert\.m2\repository\org\springframework\boot\spring-boot-starter-web\2.2.2.RELEASE\spring-boot-starter-web-2.2.2.RELEASE.jar;C:\Users\evert\.m2\repository\org\springframework\boot\spring-boot-starter\2.2.2.RELEASE\spring-boot-starter-2.2.2.RELEAS
Launcher Type: SUN_STANDARD

Environment Variables:
JAVA_HOME=C:\Program Files\Java\jdk1.8.0_191
JRE_HOME=C:\Program Files\Java\jdk1.8.0_191\jre
PATH=C:\Program Files (x86)\Common Files\Oracle\Java\javapath;C:\WINDOWS\system32;C:\WINDOWS;C:\WINDOWS\System32\Wbem;C:\WINDOWS\System32\WindowsPowerShell\v1.0\;C:\Program Files (x86)\Microsoft SQL Server\Client SDK\ODBC\130\Tools\Binn\;C:\Program Files (x86)\Microsoft SQL Server\140\Tools\Binn\;C:\Program Files (x86)\Microsoft SQL Server\140\DTS\Binn\;C:\Program Files (x86)\Microsoft SQL Server\140\Tools\Binn\ManagementStudio\;C:\WINDOWS\System32\OpenSSH\;C:\Program Files\MySQL\MySQL Server 5.6\bin;C:\Program Files\Microsoft SQL Server\Client SDK\ODBC\110\Tools\Binn\;C:\Program Files (x86)\Microsoft SQL Server\120\Tools\Binn\;C:\Program Files\Microsoft SQL Server\120\Tools\Binn\;C:\Program Files\Microsoft SQL Server\120\DTS\Binn\;C:\Program Files (x86)\MySQL\MySQL Utilities 1.6\;C:\Program Files\Git\cmd;C:\Program Files\Amazon\AWSCLI\;C:\Program Files\PuTTY\;C:\Users\evert\AppData\Local\Microsoft\WindowsApps;C:\Users\evert\AppData\Local\GitHubDesktop\bin;%USERPROFILE%\AppData\Local\Microsoft\WindowsApps;
USERNAME=evert
OS=Windows_NT
PROCESSOR_IDENTIFIER=Intel64 Family 6 Model 78 Stepping 3, GenuineIntel



---------------  S Y S T E M  ---------------

OS: Windows 10.0 , 64 bit Build 18362 (10.0.18362.329)

CPU:total 4 (initial active 4) (2 cores per cpu, 2 threads per core) family 6 model 78 stepping 3, cmov, cx8, fxsr, mmx, sse, sse2, sse3, ssse3, sse4.1, sse4.2, popcnt, avx, avx2, aes, clmul, erms, 3dnowpref, lzcnt, ht, tsc, tscinvbit, bmi1, bmi2, adx

Memory: 4k page, physical 8277828k(525364k free), swap 13041016k(4116k free)

vm_info: Java HotSpot(TM) 64-Bit Server VM (25.191-b12) for windows-amd64 JRE (1.8.0_191-b12), built on Oct  6 2018 09:29:03 by "java_re" with MS VC++ 10.0 (VS2010)

time: Mon Apr 20 00:23:56 2020
elapsed time: 12313 seconds (0d 3h 25m 13s)

