#
# There is insufficient memory for the Java Runtime Environment to continue.
# Native memory allocation (malloc) failed to allocate 149984 bytes for Chunk::new
# Possible reasons:
#   The system is out of physical RAM or swap space
#   In 32 bit mode, the process size limit was hit
# Possible solutions:
#   Reduce memory load on the system
#   Increase physical memory or swap space
#   Check if swap backing store is full
#   Use 64 bit Java on a 64 bit OS
#   Decrease Java heap size (-Xmx/-Xms)
#   Decrease number of Java threads
#   Decrease Java thread stack sizes (-Xss)
#   Set larger code cache with -XX:ReservedCodeCacheSize=
# This output file may be truncated or incomplete.
#
#  Out of Memory Error (allocation.cpp:390), pid=224, tid=0x0000000000005a34
#
# JRE version: Java(TM) SE Runtime Environment (8.0_191-b12) (build 1.8.0_191-b12)
# Java VM: Java HotSpot(TM) 64-Bit Server VM (25.191-b12 mixed mode windows-amd64 compressed oops)
# Failed to write core dump. Minidumps are not enabled by default on client versions of Windows
#

---------------  T H R E A D  ---------------

Current thread (0x0000000017a4b800):  JavaThread "C2 CompilerThread1" daemon [_thread_in_native, id=23092, stack(0x00000000191a0000,0x00000000192a0000)]

Stack: [0x00000000191a0000,0x00000000192a0000]
[error occurred during error reporting (printing stack bounds), id 0xc0000005]

Native frames: (J=compiled Java code, j=interpreted, Vv=VM code, C=native code)


Current CompileTask:
C2:   1946  738       4       sun.misc.URLClassPath::getResource (83 bytes)


---------------  P R O C E S S  ---------------

Java Threads: ( => current thread )
  0x000000001a3cf800 JavaThread "background-preinit" [_thread_in_vm, id=11896, stack(0x000000001b4d0000,0x000000001b5d0000)]
  0x000000001a6f0000 JavaThread "restartedMain" [_thread_in_native, id=23300, stack(0x000000001b3d0000,0x000000001b4d0000)]
  0x000000001a6ef000 JavaThread "Thread-0" [_thread_blocked, id=1312, stack(0x000000001b2d0000,0x000000001b3d0000)]
  0x00000000193c9000 JavaThread "Service Thread" daemon [_thread_blocked, id=21348, stack(0x00000000197a0000,0x00000000198a0000)]
  0x0000000017a50800 JavaThread "C1 CompilerThread2" daemon [_thread_blocked, id=15228, stack(0x00000000192a0000,0x00000000193a0000)]
=>0x0000000017a4b800 JavaThread "C2 CompilerThread1" daemon [_thread_in_native, id=23092, stack(0x00000000191a0000,0x00000000192a0000)]
  0x0000000017a46800 JavaThread "C2 CompilerThread0" daemon [_thread_in_native, id=11784, stack(0x00000000190a0000,0x00000000191a0000)]
  0x0000000017a44800 JavaThread "Attach Listener" daemon [_thread_blocked, id=8276, stack(0x0000000018fa0000,0x00000000190a0000)]
  0x0000000017a43800 JavaThread "Signal Dispatcher" daemon [_thread_blocked, id=21404, stack(0x0000000018ea0000,0x0000000018fa0000)]
  0x0000000002efe800 JavaThread "Finalizer" daemon [_thread_blocked, id=1052, stack(0x0000000018c90000,0x0000000018d90000)]
  0x0000000017a2a000 JavaThread "Reference Handler" daemon [_thread_blocked, id=11448, stack(0x0000000018b90000,0x0000000018c90000)]
  0x0000000002e05800 JavaThread "main" [_thread_blocked, id=10256, stack(0x0000000002c10000,0x0000000002d10000)]

Other Threads:
  0x0000000017a08000 VMThread [stack: 0x0000000018a90000,0x0000000018b90000] [id=16468]
  0x0000000017a9e800 WatcherThread [stack: 0x00000000198a0000,0x00000000199a0000] [id=6396]

VM state:not at safepoint (normal execution)

VM Mutex/Monitor currently owned by a thread: None

Heap:
 PSYoungGen      total 38400K, used 36909K [0x00000000d5e00000, 0x00000000da900000, 0x0000000100000000)
  eden space 33280K, 98% used [0x00000000d5e00000,0x00000000d7e09c08,0x00000000d7e80000)
  from space 5120K, 80% used [0x00000000d7e80000,0x00000000d8281b88,0x00000000d8380000)
  to   space 5120K, 0% used [0x00000000da400000,0x00000000da400000,0x00000000da900000)
 ParOldGen       total 87552K, used 8K [0x0000000081a00000, 0x0000000086f80000, 0x00000000d5e00000)
  object space 87552K, 0% used [0x0000000081a00000,0x0000000081a02000,0x0000000086f80000)
 Metaspace       used 8141K, capacity 8452K, committed 8576K, reserved 1056768K
  class space    used 968K, capacity 1057K, committed 1152K, reserved 1048576K

Card table byte_map: [0x00000000122c0000,0x00000000126c0000] byte_map_base: 0x0000000011eb3000

Marking Bits: (ParMarkBitMap*) 0x000000006b2f3e30
 Begin Bits: [0x0000000012d70000, 0x0000000014d08000)
 End Bits:   [0x0000000014d08000, 0x0000000016ca0000)

Polling page: 0x0000000001390000

CodeCache: size=245760Kb used=3045Kb max_used=3045Kb free=242714Kb
 bounds [0x0000000002f00000, 0x0000000003200000, 0x0000000011f00000]
 total_blobs=1053 nmethods=753 adapters=213
 compilation: enabled

Compilation events (10 events):
Event: 1.926 Thread 0x0000000017a50800 nmethod 750 0x00000000031f7b50 code [0x00000000031f7cc0, 0x00000000031f7ee8]
Event: 1.926 Thread 0x0000000017a50800  751   !   3       java.util.jar.JarFile$JarFileEntry::getCodeSigners (78 bytes)
Event: 1.927 Thread 0x0000000017a50800 nmethod 751 0x00000000031f7f90 code [0x00000000031f8160, 0x00000000031f8758]
Event: 1.927 Thread 0x0000000017a50800  752       3       java.util.jar.JarFile::access$200 (5 bytes)
Event: 1.927 Thread 0x0000000017a50800 nmethod 752 0x00000000031f89d0 code [0x00000000031f8b40, 0x00000000031f8ca8]
Event: 1.928 Thread 0x0000000017a50800  753       3       java.lang.ClassLoader::postDefineClass (26 bytes)
Event: 1.928 Thread 0x0000000017a50800 nmethod 753 0x00000000031f8d50 code [0x00000000031f8ee0, 0x00000000031f9438]
Event: 1.928 Thread 0x0000000017a50800  754       3       java.net.URLStreamHandler::equals (45 bytes)
Event: 1.929 Thread 0x0000000017a50800 nmethod 754 0x00000000031f95d0 code [0x00000000031f9760, 0x00000000031f9c78]
Event: 1.931 Thread 0x0000000017a46800  755       4       sun.net.www.ParseUtil::encodePath (336 bytes)

GC Heap History (2 events):
Event: 1.578 GC heap before
{Heap before GC invocations=1 (full 0):
 PSYoungGen      total 38400K, used 33280K [0x00000000d5e00000, 0x00000000d8880000, 0x0000000100000000)
  eden space 33280K, 100% used [0x00000000d5e00000,0x00000000d7e80000,0x00000000d7e80000)
  from space 5120K, 0% used [0x00000000d8380000,0x00000000d8380000,0x00000000d8880000)
  to   space 5120K, 0% used [0x00000000d7e80000,0x00000000d7e80000,0x00000000d8380000)
 ParOldGen       total 87552K, used 0K [0x0000000081a00000, 0x0000000086f80000, 0x00000000d5e00000)
  object space 87552K, 0% used [0x0000000081a00000,0x0000000081a00000,0x0000000086f80000)
 Metaspace       used 7219K, capacity 7396K, committed 7552K, reserved 1056768K
  class space    used 831K, capacity 880K, committed 896K, reserved 1048576K
Event: 1.595 GC heap after
Heap after GC invocations=1 (full 0):
 PSYoungGen      total 38400K, used 4102K [0x00000000d5e00000, 0x00000000da900000, 0x0000000100000000)
  eden space 33280K, 0% used [0x00000000d5e00000,0x00000000d5e00000,0x00000000d7e80000)
  from space 5120K, 80% used [0x00000000d7e80000,0x00000000d8281b88,0x00000000d8380000)
  to   space 5120K, 0% used [0x00000000da400000,0x00000000da400000,0x00000000da900000)
 ParOldGen       total 87552K, used 8K [0x0000000081a00000, 0x0000000086f80000, 0x00000000d5e00000)
  object space 87552K, 0% used [0x0000000081a00000,0x0000000081a02000,0x0000000086f80000)
 Metaspace       used 7219K, capacity 7396K, committed 7552K, reserved 1056768K
  class space    used 831K, capacity 880K, committed 896K, reserved 1048576K
}

Deoptimization events (4 events):
Event: 0.139 Thread 0x0000000002e05800 Uncommon trap: reason=unstable_if action=reinterpret pc=0x00000000030174e0 method=java.lang.String.hashCode()I @ 14
Event: 1.398 Thread 0x0000000002e05800 Uncommon trap: reason=range_check action=make_not_entrant pc=0x000000000319dea0 method=sun.reflect.generics.parser.SignatureParser.current()C @ 34
Event: 1.771 Thread 0x000000001a6f0000 Uncommon trap: reason=class_check action=maybe_recompile pc=0x00000000030bb08c method=sun.misc.URLClassPath.getLoader(I)Lsun/misc/URLClassPath$Loader; @ 94
Event: 1.886 Thread 0x000000001a6f0000 Uncommon trap: reason=unstable_if action=reinterpret pc=0x0000000003084ea8 method=java.lang.String.indexOf([CII[CIII)I @ 3

Classes redefined (0 events):
No events

Internal exceptions (10 events):
Event: 1.385 Thread 0x0000000002e05800 Exception <a 'java/lang/ArrayIndexOutOfBoundsException'> (0x00000000d70de3b8) thrown at [C:\re\workspace\8-2-build-windows-amd64-cygwin\jdk8u191\11896\hotspot\src\share\vm\runtime\sharedRuntime.cpp, line 605]
Event: 1.390 Thread 0x0000000002e05800 Exception <a 'java/lang/ArrayIndexOutOfBoundsException'> (0x00000000d710dc38) thrown at [C:\re\workspace\8-2-build-windows-amd64-cygwin\jdk8u191\11896\hotspot\src\share\vm\runtime\sharedRuntime.cpp, line 605]
Event: 1.392 Thread 0x0000000002e05800 Exception <a 'java/lang/ArrayIndexOutOfBoundsException'> (0x00000000d710fe28) thrown at [C:\re\workspace\8-2-build-windows-amd64-cygwin\jdk8u191\11896\hotspot\src\share\vm\runtime\sharedRuntime.cpp, line 605]
Event: 1.392 Thread 0x0000000002e05800 Exception <a 'java/lang/ArrayIndexOutOfBoundsException'> (0x00000000d7111ee0) thrown at [C:\re\workspace\8-2-build-windows-amd64-cygwin\jdk8u191\11896\hotspot\src\share\vm\runtime\sharedRuntime.cpp, line 605]
Event: 1.392 Thread 0x0000000002e05800 Exception <a 'java/lang/ArrayIndexOutOfBoundsException'> (0x00000000d7113a88) thrown at [C:\re\workspace\8-2-build-windows-amd64-cygwin\jdk8u191\11896\hotspot\src\share\vm\runtime\sharedRuntime.cpp, line 605]
Event: 1.393 Thread 0x0000000002e05800 Exception <a 'java/lang/ArrayIndexOutOfBoundsException'> (0x00000000d7115950) thrown at [C:\re\workspace\8-2-build-windows-amd64-cygwin\jdk8u191\11896\hotspot\src\share\vm\runtime\sharedRuntime.cpp, line 605]
Event: 1.393 Thread 0x0000000002e05800 Exception <a 'java/lang/ArrayIndexOutOfBoundsException'> (0x00000000d7118790) thrown at [C:\re\workspace\8-2-build-windows-amd64-cygwin\jdk8u191\11896\hotspot\src\share\vm\runtime\sharedRuntime.cpp, line 605]
Event: 1.398 Thread 0x0000000002e05800 Exception <a 'java/lang/ArrayIndexOutOfBoundsException'> (0x00000000d7127978) thrown at [C:\re\workspace\8-2-build-windows-amd64-cygwin\jdk8u191\11896\hotspot\src\share\vm\runtime\sharedRuntime.cpp, line 605]
Event: 1.398 Thread 0x0000000002e05800 Exception <a 'java/lang/ArrayIndexOutOfBoundsException': 126> (0x00000000d7129310) thrown at [C:\re\workspace\8-2-build-windows-amd64-cygwin\jdk8u191\11896\hotspot\src\share\vm\interpreter\interpreterRuntime.cpp, line 366]
Event: 1.724 Thread 0x000000001a6ef000 Exception <a 'java/lang/NoSuchMethodError': java.lang.Object.lambda$static$0(Ljava/lang/Throwable;)Lorg/springframework/boot/devtools/restart/FailureHandler$Outcome;> (0x00000000d79910e8) thrown at [C:\re\workspace\8-2-build-windows-amd64-cygwin\jdk8u191\

Events (10 events):
Event: 1.929 loading class javax/naming/NamingException
Event: 1.930 loading class javax/naming/NamingException done
Event: 1.930 loading class org/springframework/format/Formatter
Event: 1.930 loading class org/springframework/format/Formatter done
Event: 1.930 loading class org/springframework/core/SpringProperties
Event: 1.930 loading class org/springframework/core/SpringProperties done
Event: 1.931 loading class org/springframework/core/convert/support/GenericConversionService$NoOpConverter
Event: 1.931 loading class org/springframework/core/convert/support/GenericConversionService$NoOpConverter done
Event: 1.932 Thread 0x000000001a6f0000 DEOPT PACKING pc=0x000000000305b043 sp=0x000000001b4cb730
Event: 1.932 Thread 0x000000001a6f0000 DEOPT UNPACKING pc=0x0000000002f47890 sp=0x000000001b4cb490 mode 0


Dynamic libraries:
0x00007ff70b950000 - 0x00007ff70b987000 	C:\Program Files\Java\jdk1.8.0_191\bin\java.exe
0x00007ff9cf3e0000 - 0x00007ff9cf5d0000 	C:\WINDOWS\SYSTEM32\ntdll.dll
0x00007ff9ced70000 - 0x00007ff9cee22000 	C:\WINDOWS\System32\KERNEL32.DLL
0x00007ff9cc450000 - 0x00007ff9cc6f3000 	C:\WINDOWS\System32\KERNELBASE.dll
0x00007ff9ca440000 - 0x00007ff9ca4cf000 	C:\WINDOWS\SYSTEM32\apphelp.dll
0x00007ff9cd8a0000 - 0x00007ff9cd943000 	C:\WINDOWS\System32\ADVAPI32.dll
0x00007ff9ce860000 - 0x00007ff9ce8fe000 	C:\WINDOWS\System32\msvcrt.dll
0x00007ff9cf1c0000 - 0x00007ff9cf257000 	C:\WINDOWS\System32\sechost.dll
0x00007ff9ce510000 - 0x00007ff9ce630000 	C:\WINDOWS\System32\RPCRT4.dll
0x00007ff9cf020000 - 0x00007ff9cf1b4000 	C:\WINDOWS\System32\USER32.dll
0x00007ff9cceb0000 - 0x00007ff9cced1000 	C:\WINDOWS\System32\win32u.dll
0x00007ff9cf310000 - 0x00007ff9cf336000 	C:\WINDOWS\System32\GDI32.dll
0x00007ff9cd240000 - 0x00007ff9cd3d4000 	C:\WINDOWS\System32\gdi32full.dll
0x00007ff9cd150000 - 0x00007ff9cd1ee000 	C:\WINDOWS\System32\msvcp_win.dll
0x00007ff9ccee0000 - 0x00007ff9ccfda000 	C:\WINDOWS\System32\ucrtbase.dll
0x00007ff9bcce0000 - 0x00007ff9bcf65000 	C:\WINDOWS\WinSxS\amd64_microsoft.windows.common-controls_6595b64144ccf1df_6.0.18362.720_none_e6beb5c51314836b\COMCTL32.dll
0x00007ff9cd950000 - 0x00007ff9cdc86000 	C:\WINDOWS\System32\combase.dll
0x00007ff9cc3d0000 - 0x00007ff9cc450000 	C:\WINDOWS\System32\bcryptPrimitives.dll
0x00007ff9cdd60000 - 0x00007ff9cdd8e000 	C:\WINDOWS\System32\IMM32.DLL
0x000000006a9f0000 - 0x000000006aac2000 	C:\Program Files\Java\jdk1.8.0_191\jre\bin\msvcr100.dll
0x000000006aad0000 - 0x000000006b374000 	C:\Program Files\Java\jdk1.8.0_191\jre\bin\server\jvm.dll
0x00007ff9ce490000 - 0x00007ff9ce498000 	C:\WINDOWS\System32\PSAPI.DLL
0x00007ff9ca210000 - 0x00007ff9ca234000 	C:\WINDOWS\SYSTEM32\WINMM.dll
0x00007ff9c1d00000 - 0x00007ff9c1d0a000 	C:\WINDOWS\SYSTEM32\VERSION.dll
0x00007ff9b96d0000 - 0x00007ff9b96d9000 	C:\WINDOWS\SYSTEM32\WSOCK32.dll
0x00007ff9cd510000 - 0x00007ff9cd57f000 	C:\WINDOWS\System32\WS2_32.dll
0x00007ff9ca100000 - 0x00007ff9ca12d000 	C:\WINDOWS\SYSTEM32\winmmbase.dll
0x00007ff9cd1f0000 - 0x00007ff9cd23a000 	C:\WINDOWS\System32\cfgmgr32.dll
0x000000006a9a0000 - 0x000000006a9af000 	C:\Program Files\Java\jdk1.8.0_191\jre\bin\verify.dll
0x000000006a970000 - 0x000000006a999000 	C:\Program Files\Java\jdk1.8.0_191\jre\bin\java.dll
0x000000006a950000 - 0x000000006a966000 	C:\Program Files\Java\jdk1.8.0_191\jre\bin\zip.dll
0x00007ff9cdda0000 - 0x00007ff9ce485000 	C:\WINDOWS\System32\SHELL32.dll
0x00007ff9cef70000 - 0x00007ff9cf019000 	C:\WINDOWS\System32\shcore.dll
0x00007ff9cc700000 - 0x00007ff9cce80000 	C:\WINDOWS\System32\windows.storage.dll
0x00007ff9cc300000 - 0x00007ff9cc323000 	C:\WINDOWS\System32\profapi.dll
0x00007ff9cc2b0000 - 0x00007ff9cc2fa000 	C:\WINDOWS\System32\powrprof.dll
0x00007ff9cc2a0000 - 0x00007ff9cc2b0000 	C:\WINDOWS\System32\UMPDC.dll
0x00007ff9ce4a0000 - 0x00007ff9ce4f2000 	C:\WINDOWS\System32\shlwapi.dll
0x00007ff9cc330000 - 0x00007ff9cc341000 	C:\WINDOWS\System32\kernel.appcore.dll
0x00007ff9ccfe0000 - 0x00007ff9ccff7000 	C:\WINDOWS\System32\cryptsp.dll

VM Arguments:
java_command: br.com.cadastroapp.CadastroappApplication
java_class_path (initial): C:\Users\evert\Dropbox\cadastroapp\target\classes;C:\Users\evert\.m2\repository\com\zaxxer\HikariCP\3.4.1\HikariCP-3.4.1.jar;C:\Users\evert\.m2\repository\org\slf4j\slf4j-api\1.7.29\slf4j-api-1.7.29.jar;C:\Users\evert\.m2\repository\org\springframework\boot\spring-boot-starter-data-jpa\2.2.2.RELEASE\spring-boot-starter-data-jpa-2.2.2.RELEASE.jar;C:\Users\evert\.m2\repository\org\springframework\boot\spring-boot-starter-aop\2.2.2.RELEASE\spring-boot-starter-aop-2.2.2.RELEASE.jar;C:\Users\evert\.m2\repository\org\aspectj\aspectjweaver\1.9.5\aspectjweaver-1.9.5.jar;C:\Users\evert\.m2\repository\org\springframework\boot\spring-boot-starter-jdbc\2.2.2.RELEASE\spring-boot-starter-jdbc-2.2.2.RELEASE.jar;C:\Users\evert\.m2\repository\org\springframework\spring-jdbc\5.2.2.RELEASE\spring-jdbc-5.2.2.RELEASE.jar;C:\Users\evert\.m2\repository\jakarta\activation\jakarta.activation-api\1.2.1\jakarta.activation-api-1.2.1.jar;C:\Users\evert\.m2\repository\jakarta\persistence\jakarta.persistence-api\2.2.3\jakarta.persistence-api-2.2.3.jar;C:\Users\evert\.m2\repository\jakarta\transaction\jakarta.transaction-api\1.3.3\jakarta.transaction-api-1.3.3.jar;C:\Users\evert\.m2\repository\org\springframework\data\spring-data-jpa\2.2.3.RELEASE\spring-data-jpa-2.2.3.RELEASE.jar;C:\Users\evert\.m2\repository\org\springframework\data\spring-data-commons\2.2.3.RELEASE\spring-data-commons-2.2.3.RELEASE.jar;C:\Users\evert\.m2\repository\org\springframework\spring-orm\5.2.2.RELEASE\spring-orm-5.2.2.RELEASE.jar;C:\Users\evert\.m2\repository\org\springframework\spring-tx\5.2.2.RELEASE\spring-tx-5.2.2.RELEASE.jar;C:\Users\evert\.m2\repository\org\springframework\spring-aspects\5.2.2.RELEASE\spring-aspects-5.2.2.RELEASE.jar;C:\Users\evert\.m2\repository\org\springframework\boot\spring-boot-starter-web\2.2.2.RELEASE\spring-boot-starter-web-2.2.2.RELEASE.jar;C:\Users\evert\.m2\repository\org\springframework\boot\spring-boot-starter\2.2.2.RELEASE\spring-boot-starter-2.2.2.RELEAS
Launcher Type: SUN_STANDARD

Environment Variables:
JAVA_HOME=C:\Program Files\Java\jdk1.8.0_191
JRE_HOME=C:\Program Files\Java\jdk1.8.0_191\jre
PATH=C:\Program Files (x86)\Common Files\Oracle\Java\javapath;C:\WINDOWS\system32;C:\WINDOWS;C:\WINDOWS\System32\Wbem;C:\WINDOWS\System32\WindowsPowerShell\v1.0\;C:\Program Files (x86)\Microsoft SQL Server\Client SDK\ODBC\130\Tools\Binn\;C:\Program Files (x86)\Microsoft SQL Server\140\Tools\Binn\;C:\Program Files (x86)\Microsoft SQL Server\140\DTS\Binn\;C:\Program Files (x86)\Microsoft SQL Server\140\Tools\Binn\ManagementStudio\;C:\WINDOWS\System32\OpenSSH\;C:\Program Files\MySQL\MySQL Server 5.6\bin;C:\Program Files\Microsoft SQL Server\Client SDK\ODBC\110\Tools\Binn\;C:\Program Files (x86)\Microsoft SQL Server\120\Tools\Binn\;C:\Program Files\Microsoft SQL Server\120\Tools\Binn\;C:\Program Files\Microsoft SQL Server\120\DTS\Binn\;C:\Program Files (x86)\MySQL\MySQL Utilities 1.6\;C:\Program Files\Git\cmd;C:\Program Files\Amazon\AWSCLI\;C:\Program Files\PuTTY\;C:\Users\evert\AppData\Local\Microsoft\WindowsApps;C:\Users\evert\AppData\Local\GitHubDesktop\bin;%USERPROFILE%\AppData\Local\Microsoft\WindowsApps;
USERNAME=evert
OS=Windows_NT
PROCESSOR_IDENTIFIER=Intel64 Family 6 Model 78 Stepping 3, GenuineIntel



---------------  S Y S T E M  ---------------

OS: Windows 10.0 , 64 bit Build 18362 (10.0.18362.329)

CPU:total 4 (initial active 4) (2 cores per cpu, 2 threads per core) family 6 model 78 stepping 3, cmov, cx8, fxsr, mmx, sse, sse2, sse3, ssse3, sse4.1, sse4.2, popcnt, avx, avx2, aes, clmul, erms, 3dnowpref, lzcnt, ht, tsc, tscinvbit, bmi1, bmi2, adx

Memory: 4k page, physical 8277828k(525356k free), swap 13041016k(4104k free)

vm_info: Java HotSpot(TM) 64-Bit Server VM (25.191-b12) for windows-amd64 JRE (1.8.0_191-b12), built on Oct  6 2018 09:29:03 by "java_re" with MS VC++ 10.0 (VS2010)

time: Mon Apr 20 00:23:56 2020
elapsed time: 1 seconds (0d 0h 0m 1s)

