#
# There is insufficient memory for the Java Runtime Environment to continue.
# Native memory allocation (malloc) failed to allocate 32744 bytes for ChunkPool::allocate
# Possible reasons:
#   The system is out of physical RAM or swap space
#   In 32 bit mode, the process size limit was hit
# Possible solutions:
#   Reduce memory load on the system
#   Increase physical memory or swap space
#   Check if swap backing store is full
#   Use 64 bit Java on a 64 bit OS
#   Decrease Java heap size (-Xmx/-Xms)
#   Decrease number of Java threads
#   Decrease Java thread stack sizes (-Xss)
#   Set larger code cache with -XX:ReservedCodeCacheSize=
# This output file may be truncated or incomplete.
#
#  Out of Memory Error (allocation.cpp:273), pid=14300, tid=0x0000000000001500
#
# JRE version: Java(TM) SE Runtime Environment (8.0_191-b12) (build 1.8.0_191-b12)
# Java VM: Java HotSpot(TM) 64-Bit Server VM (25.191-b12 mixed mode windows-amd64 compressed oops)
# Failed to write core dump. Minidumps are not enabled by default on client versions of Windows
#

---------------  T H R E A D  ---------------

Current thread (0x000000001a8e5800):  JavaThread "restartedMain" [_thread_in_vm, id=5376, stack(0x000000001b350000,0x000000001b450000)]

Stack: [0x000000001b350000,0x000000001b450000]
[error occurred during error reporting (printing stack bounds), id 0xc0000005]

Native frames: (J=compiled Java code, j=interpreted, Vv=VM code, C=native code)

Java frames: (J=compiled Java code, j=interpreted, Vv=VM code)
v  ~RuntimeStub::handle_exception_nofpu Runtime1 stub
J 276 C1 java.net.URLClassLoader.findClass(Ljava/lang/String;)Ljava/lang/Class; (47 bytes) @ 0x0000000002d39fc1 [0x0000000002d39c80+0x341]
J 1927 C1 org.springframework.boot.devtools.restart.classloader.RestartClassLoader.findClass(Ljava/lang/String;)Ljava/lang/Class; (69 bytes) @ 0x00000000031d0164 [0x00000000031cfba0+0x5c4]
J 1737 C1 org.springframework.boot.devtools.restart.classloader.RestartClassLoader.loadClass(Ljava/lang/String;Z)Ljava/lang/Class; (118 bytes) @ 0x0000000003114ccc [0x0000000003114380+0x94c]
J 290 C1 java.lang.ClassLoader.loadClass(Ljava/lang/String;)Ljava/lang/Class; (7 bytes) @ 0x0000000002d3cd9c [0x0000000002d3cc80+0x11c]
J 2014 C1 org.springframework.boot.autoconfigure.condition.FilteringSpringBootCondition$ClassNameFilter.isPresent(Ljava/lang/String;Ljava/lang/ClassLoader;)Z (19 bytes) @ 0x000000000321b45c [0x000000000321b280+0x1dc]
j  org.springframework.boot.autoconfigure.condition.OnWebApplicationCondition.isServletWebApplication(Lorg/springframework/context/annotation/ConditionContext;)Lorg/springframework/boot/autoconfigure/condition/ConditionOutcome;+18
j  org.springframework.boot.autoconfigure.condition.OnWebApplicationCondition.isWebApplication(Lorg/springframework/context/annotation/ConditionContext;Lorg/springframework/core/type/AnnotatedTypeMetadata;Z)Lorg/springframework/boot/autoconfigure/condition/ConditionOutcome;+42
j  org.springframework.boot.autoconfigure.condition.OnWebApplicationCondition.getMatchOutcome(Lorg/springframework/context/annotation/ConditionContext;Lorg/springframework/core/type/AnnotatedTypeMetadata;)Lorg/springframework/boot/autoconfigure/condition/ConditionOutcome;+16
j  org.springframework.boot.autoconfigure.condition.SpringBootCondition.matches(Lorg/springframework/context/annotation/ConditionContext;Lorg/springframework/core/type/AnnotatedTypeMetadata;)Z+8
j  org.springframework.context.annotation.ConditionEvaluator.shouldSkip(Lorg/springframework/core/type/AnnotatedTypeMetadata;Lorg/springframework/context/annotation/ConfigurationCondition$ConfigurationPhase;)Z+235
j  org.springframework.context.annotation.ConfigurationClassParser.processConfigurationClass(Lorg/springframework/context/annotation/ConfigurationClass;)V+11
j  org.springframework.context.annotation.ConfigurationClassParser.processMemberClasses(Lorg/springframework/context/annotation/ConfigurationClass;Lorg/springframework/context/annotation/ConfigurationClassParser$SourceClass;)V+194
j  org.springframework.context.annotation.ConfigurationClassParser.doProcessConfigurationClass(Lorg/springframework/context/annotation/ConfigurationClass;Lorg/springframework/context/annotation/ConfigurationClassParser$SourceClass;)Lorg/springframework/context/annotation/ConfigurationClassParser$SourceClass;+20
j  org.springframework.context.annotation.ConfigurationClassParser.processConfigurationClass(Lorg/springframework/context/annotation/ConfigurationClass;)V+102
j  org.springframework.context.annotation.ConfigurationClassParser.processImports(Lorg/springframework/context/annotation/ConfigurationClass;Lorg/springframework/context/annotation/ConfigurationClassParser$SourceClass;Ljava/util/Collection;Z)V+265
j  org.springframework.context.annotation.ConfigurationClassParser.doProcessConfigurationClass(Lorg/springframework/context/annotation/ConfigurationClass;Lorg/springframework/context/annotation/ConfigurationClassParser$SourceClass;)Lorg/springframework/context/annotation/ConfigurationClassParser$SourceClass;+309
j  org.springframework.context.annotation.ConfigurationClassParser.processConfigurationClass(Lorg/springframework/context/annotation/ConfigurationClass;)V+102
j  org.springframework.context.annotation.ConfigurationClassParser.processImports(Lorg/springframework/context/annotation/ConfigurationClass;Lorg/springframework/context/annotation/ConfigurationClassParser$SourceClass;Ljava/util/Collection;Z)V+265
j  org.springframework.context.annotation.ConfigurationClassParser.access$900(Lorg/springframework/context/annotation/ConfigurationClassParser;Lorg/springframework/context/annotation/ConfigurationClass;Lorg/springframework/context/annotation/ConfigurationClassParser$SourceClass;Ljava/util/Collection;Z)V+6
j  org.springframework.context.annotation.ConfigurationClassParser$DeferredImportSelectorGroupingHandler.lambda$processGroupImports$1(Lorg/springframework/context/annotation/DeferredImportSelector$Group$Entry;)V+49
j  org.springframework.context.annotation.ConfigurationClassParser$DeferredImportSelectorGroupingHandler$$Lambda$206.accept(Ljava/lang/Object;)V+8
j  java.util.ArrayList.forEach(Ljava/util/function/Consumer;)V+47
j  org.springframework.context.annotation.ConfigurationClassParser$DeferredImportSelectorGroupingHandler.processGroupImports()V+44
j  org.springframework.context.annotation.ConfigurationClassParser$DeferredImportSelectorHandler.process()V+54
j  org.springframework.context.annotation.ConfigurationClassParser.parse(Ljava/util/Set;)V+171
j  org.springframework.context.annotation.ConfigurationClassPostProcessor.processConfigBeanDefinitions(Lorg/springframework/beans/factory/support/BeanDefinitionRegistry;)V+295
j  org.springframework.context.annotation.ConfigurationClassPostProcessor.postProcessBeanDefinitionRegistry(Lorg/springframework/beans/factory/support/BeanDefinitionRegistry;)V+107
j  org.springframework.context.support.PostProcessorRegistrationDelegate.invokeBeanDefinitionRegistryPostProcessors(Ljava/util/Collection;Lorg/springframework/beans/factory/support/BeanDefinitionRegistry;)V+28
j  org.springframework.context.support.PostProcessorRegistrationDelegate.invokeBeanFactoryPostProcessors(Lorg/springframework/beans/factory/config/ConfigurableListableBeanFactory;Ljava/util/List;)V+229
j  org.springframework.context.support.AbstractApplicationContext.invokeBeanFactoryPostProcessors(Lorg/springframework/beans/factory/config/ConfigurableListableBeanFactory;)V+5
j  org.springframework.context.support.AbstractApplicationContext.refresh()V+28
j  org.springframework.boot.web.servlet.context.ServletWebServerApplicationContext.refresh()V+1
j  org.springframework.boot.SpringApplication.refresh(Lorg/springframework/context/ApplicationContext;)V+10
j  org.springframework.boot.SpringApplication.refreshContext(Lorg/springframework/context/ConfigurableApplicationContext;)V+2
j  org.springframework.boot.SpringApplication.run([Ljava/lang/String;)Lorg/springframework/context/ConfigurableApplicationContext;+118
j  org.springframework.boot.SpringApplication.run([Ljava/lang/Class;[Ljava/lang/String;)Lorg/springframework/context/ConfigurableApplicationContext;+9
j  org.springframework.boot.SpringApplication.run(Ljava/lang/Class;[Ljava/lang/String;)Lorg/springframework/context/ConfigurableApplicationContext;+9
j  br.com.cadastroapp.CadastroappApplication.main([Ljava/lang/String;)V+3
v  ~StubRoutines::call_stub
j  sun.reflect.NativeMethodAccessorImpl.invoke0(Ljava/lang/reflect/Method;Ljava/lang/Object;[Ljava/lang/Object;)Ljava/lang/Object;+0
j  sun.reflect.NativeMethodAccessorImpl.invoke(Ljava/lang/Object;[Ljava/lang/Object;)Ljava/lang/Object;+100
j  sun.reflect.DelegatingMethodAccessorImpl.invoke(Ljava/lang/Object;[Ljava/lang/Object;)Ljava/lang/Object;+6
j  java.lang.reflect.Method.invoke(Ljava/lang/Object;[Ljava/lang/Object;)Ljava/lang/Object;+56
j  org.springframework.boot.devtools.restart.RestartLauncher.run()V+41
v  ~StubRoutines::call_stub

---------------  P R O C E S S  ---------------

Java Threads: ( => current thread )
=>0x000000001a8e5800 JavaThread "restartedMain" [_thread_in_vm, id=5376, stack(0x000000001b350000,0x000000001b450000)]
  0x000000001a67a000 JavaThread "Thread-0" [_thread_blocked, id=19184, stack(0x000000001b250000,0x000000001b350000)]
  0x0000000019393800 JavaThread "Service Thread" daemon [_thread_blocked, id=8680, stack(0x0000000019720000,0x0000000019820000)]
  0x00000000176f0000 JavaThread "C1 CompilerThread2" daemon [_thread_blocked, id=13364, stack(0x0000000019220000,0x0000000019320000)]
  0x00000000176ef000 JavaThread "C2 CompilerThread1" daemon [_thread_in_native, id=9228, stack(0x0000000019120000,0x0000000019220000)]
  0x00000000176df800 JavaThread "C2 CompilerThread0" daemon [_thread_in_native, id=23168, stack(0x0000000019020000,0x0000000019120000)]
  0x00000000176cf800 JavaThread "JDWP Command Reader" daemon [_thread_in_native, id=23232, stack(0x0000000018f20000,0x0000000019020000)]
  0x00000000176cc000 JavaThread "JDWP Event Helper Thread" daemon [_thread_blocked, id=13504, stack(0x0000000018e20000,0x0000000018f20000)]
  0x00000000176c9000 JavaThread "JDWP Transport Listener: dt_socket" daemon [_thread_blocked, id=15828, stack(0x0000000018d20000,0x0000000018e20000)]
  0x00000000176b4000 JavaThread "Attach Listener" daemon [_thread_blocked, id=11492, stack(0x0000000018c20000,0x0000000018d20000)]
  0x00000000176b2800 JavaThread "Signal Dispatcher" daemon [_thread_blocked, id=4284, stack(0x0000000018b20000,0x0000000018c20000)]
  0x000000001769b000 JavaThread "Finalizer" daemon [_thread_blocked, id=15604, stack(0x0000000018910000,0x0000000018a10000)]
  0x0000000002b66000 JavaThread "Reference Handler" daemon [_thread_blocked, id=13252, stack(0x0000000018810000,0x0000000018910000)]
  0x0000000002a76000 JavaThread "main" [_thread_blocked, id=20504, stack(0x00000000028b0000,0x00000000029b0000)]

Other Threads:
  0x0000000017677800 VMThread [stack: 0x0000000018710000,0x0000000018810000] [id=7272]
  0x00000000193ab000 WatcherThread [stack: 0x0000000019820000,0x0000000019920000] [id=20224]

VM state:not at safepoint (normal execution)

VM Mutex/Monitor currently owned by a thread: None

Heap:
 PSYoungGen      total 73216K, used 42389K [0x00000000d5e00000, 0x00000000db100000, 0x0000000100000000)
  eden space 64512K, 62% used [0x00000000d5e00000,0x00000000d85afc68,0x00000000d9d00000)
  from space 8704K, 20% used [0x00000000da880000,0x00000000daa35ab0,0x00000000db100000)
  to   space 10240K, 0% used [0x00000000d9d00000,0x00000000d9d00000,0x00000000da700000)
 ParOldGen       total 47616K, used 8280K [0x0000000081a00000, 0x0000000084880000, 0x00000000d5e00000)
  object space 47616K, 17% used [0x0000000081a00000,0x00000000822160e8,0x0000000084880000)
 Metaspace       used 22794K, capacity 23700K, committed 23936K, reserved 1071104K
  class space    used 2906K, capacity 3113K, committed 3200K, reserved 1048576K

Card table byte_map: [0x0000000011f30000,0x0000000012330000] byte_map_base: 0x0000000011b23000

Marking Bits: (ParMarkBitMap*) 0x000000006b2f3e30
 Begin Bits: [0x00000000129e0000, 0x0000000014978000)
 End Bits:   [0x0000000014978000, 0x0000000016910000)

Polling page: 0x0000000001020000

CodeCache: size=245760Kb used=6850Kb max_used=6850Kb free=238909Kb
 bounds [0x0000000002b70000, 0x0000000003230000, 0x0000000011b70000]
 total_blobs=2384 nmethods=2023 adapters=281
 compilation: enabled

Compilation events (10 events):
Event: 60.388 Thread 0x00000000176f0000 2025       3       java.util.stream.Collectors$CollectorImpl::<init> (32 bytes)
Event: 60.388 Thread 0x00000000176f0000 nmethod 2025 0x00000000032201d0 code [0x0000000003220320, 0x0000000003220530]
Event: 60.388 Thread 0x00000000176f0000 2026       3       sun.reflect.ClassFileAssembler::emitConstantPoolNameAndType (28 bytes)
Event: 60.389 Thread 0x00000000176f0000 nmethod 2026 0x0000000003220610 code [0x0000000003220800, 0x0000000003220f08]
Event: 60.389 Thread 0x00000000176f0000 2027       1       sun.reflect.ByteVectorImpl::getLength (7 bytes)
Event: 60.389 Thread 0x00000000176f0000 nmethod 2027 0x00000000032214d0 code [0x0000000003221620, 0x0000000003221730]
Event: 60.389 Thread 0x00000000176f0000 2028       1       sun.reflect.ClassFileAssembler::getStack (5 bytes)
Event: 60.389 Thread 0x00000000176f0000 nmethod 2028 0x0000000003221790 code [0x00000000032218e0, 0x00000000032219f0]
Event: 60.390 Thread 0x00000000176f0000 2029       3       org.springframework.core.type.classreading.MergedAnnotationReadingVisitor::<init> (40 bytes)
Event: 60.390 Thread 0x00000000176f0000 nmethod 2029 0x0000000003221a50 code [0x0000000003221c00, 0x0000000003222018]

GC Heap History (10 events):
Event: 57.657 GC heap before
{Heap before GC invocations=3 (full 0):
 PSYoungGen      total 38400K, used 35919K [0x00000000d5e00000, 0x00000000d8880000, 0x0000000100000000)
  eden space 33280K, 100% used [0x00000000d5e00000,0x00000000d7e80000,0x00000000d7e80000)
  from space 5120K, 51% used [0x00000000d8380000,0x00000000d8613f10,0x00000000d8880000)
  to   space 5120K, 0% used [0x00000000d7e80000,0x00000000d7e80000,0x00000000d8380000)
 ParOldGen       total 87552K, used 16K [0x0000000081a00000, 0x0000000086f80000, 0x00000000d5e00000)
  object space 87552K, 0% used [0x0000000081a00000,0x0000000081a04000,0x0000000086f80000)
 Metaspace       used 12864K, capacity 13340K, committed 13568K, reserved 1060864K
  class space    used 1593K, capacity 1735K, committed 1792K, reserved 1048576K
Event: 57.666 GC heap after
Heap after GC invocations=3 (full 0):
 PSYoungGen      total 38400K, used 5105K [0x00000000d5e00000, 0x00000000d8880000, 0x0000000100000000)
  eden space 33280K, 0% used [0x00000000d5e00000,0x00000000d5e00000,0x00000000d7e80000)
  from space 5120K, 99% used [0x00000000d7e80000,0x00000000d837c7d0,0x00000000d8380000)
  to   space 5120K, 0% used [0x00000000d8380000,0x00000000d8380000,0x00000000d8880000)
 ParOldGen       total 87552K, used 218K [0x0000000081a00000, 0x0000000086f80000, 0x00000000d5e00000)
  object space 87552K, 0% used [0x0000000081a00000,0x0000000081a368c0,0x0000000086f80000)
 Metaspace       used 12864K, capacity 13340K, committed 13568K, reserved 1060864K
  class space    used 1593K, capacity 1735K, committed 1792K, reserved 1048576K
}
Event: 58.374 GC heap before
{Heap before GC invocations=4 (full 0):
 PSYoungGen      total 38400K, used 38385K [0x00000000d5e00000, 0x00000000d8880000, 0x0000000100000000)
  eden space 33280K, 100% used [0x00000000d5e00000,0x00000000d7e80000,0x00000000d7e80000)
  from space 5120K, 99% used [0x00000000d7e80000,0x00000000d837c7d0,0x00000000d8380000)
  to   space 5120K, 0% used [0x00000000d8380000,0x00000000d8380000,0x00000000d8880000)
 ParOldGen       total 87552K, used 218K [0x0000000081a00000, 0x0000000086f80000, 0x00000000d5e00000)
  object space 87552K, 0% used [0x0000000081a00000,0x0000000081a368c0,0x0000000086f80000)
 Metaspace       used 15791K, capacity 16434K, committed 16640K, reserved 1062912K
  class space    used 2045K, capacity 2212K, committed 2304K, reserved 1048576K
Event: 58.390 GC heap after
Heap after GC invocations=4 (full 0):
 PSYoungGen      total 38400K, used 5088K [0x00000000d5e00000, 0x00000000da900000, 0x0000000100000000)
  eden space 33280K, 0% used [0x00000000d5e00000,0x00000000d5e00000,0x00000000d7e80000)
  from space 5120K, 99% used [0x00000000d8380000,0x00000000d8878020,0x00000000d8880000)
  to   space 5120K, 0% used [0x00000000d7e80000,0x00000000d7e80000,0x00000000d8380000)
 ParOldGen       total 87552K, used 1567K [0x0000000081a00000, 0x0000000086f80000, 0x00000000d5e00000)
  object space 87552K, 1% used [0x0000000081a00000,0x0000000081b87c68,0x0000000086f80000)
 Metaspace       used 15791K, capacity 16434K, committed 16640K, reserved 1062912K
  class space    used 2045K, capacity 2212K, committed 2304K, reserved 1048576K
}
Event: 58.971 GC heap before
{Heap before GC invocations=5 (full 0):
 PSYoungGen      total 38400K, used 38164K [0x00000000d5e00000, 0x00000000da900000, 0x0000000100000000)
  eden space 33280K, 99% used [0x00000000d5e00000,0x00000000d7e4d350,0x00000000d7e80000)
  from space 5120K, 99% used [0x00000000d8380000,0x00000000d8878020,0x00000000d8880000)
  to   space 5120K, 0% used [0x00000000d7e80000,0x00000000d7e80000,0x00000000d8380000)
 ParOldGen       total 87552K, used 1567K [0x0000000081a00000, 0x0000000086f80000, 0x00000000d5e00000)
  object space 87552K, 1% used [0x0000000081a00000,0x0000000081b87c68,0x0000000086f80000)
 Metaspace       used 20531K, capacity 21190K, committed 21248K, reserved 1067008K
  class space    used 2603K, capacity 2786K, committed 2816K, reserved 1048576K
Event: 58.984 GC heap after
Heap after GC invocations=5 (full 0):
 PSYoungGen      total 38400K, used 5090K [0x00000000d5e00000, 0x00000000db200000, 0x0000000100000000)
  eden space 33280K, 0% used [0x00000000d5e00000,0x00000000d5e00000,0x00000000d7e80000)
  from space 5120K, 99% used [0x00000000d7e80000,0x00000000d8378b00,0x00000000d8380000)
  to   space 9728K, 0% used [0x00000000da880000,0x00000000da880000,0x00000000db200000)
 ParOldGen       total 87552K, used 5006K [0x0000000081a00000, 0x0000000086f80000, 0x00000000d5e00000)
  object space 87552K, 5% used [0x0000000081a00000,0x0000000081ee3990,0x0000000086f80000)
 Metaspace       used 20531K, capacity 21190K, committed 21248K, reserved 1067008K
  class space    used 2603K, capacity 2786K, committed 2816K, reserved 1048576K
}
Event: 58.984 GC heap before
{Heap before GC invocations=6 (full 1):
 PSYoungGen      total 38400K, used 5090K [0x00000000d5e00000, 0x00000000db200000, 0x0000000100000000)
  eden space 33280K, 0% used [0x00000000d5e00000,0x00000000d5e00000,0x00000000d7e80000)
  from space 5120K, 99% used [0x00000000d7e80000,0x00000000d8378b00,0x00000000d8380000)
  to   space 9728K, 0% used [0x00000000da880000,0x00000000da880000,0x00000000db200000)
 ParOldGen       total 87552K, used 5006K [0x0000000081a00000, 0x0000000086f80000, 0x00000000d5e00000)
  object space 87552K, 5% used [0x0000000081a00000,0x0000000081ee3990,0x0000000086f80000)
 Metaspace       used 20531K, capacity 21190K, committed 21248K, reserved 1067008K
  class space    used 2603K, capacity 2786K, committed 2816K, reserved 1048576K
Event: 59.042 GC heap after
Heap after GC invocations=6 (full 1):
 PSYoungGen      total 38400K, used 0K [0x00000000d5e00000, 0x00000000db200000, 0x0000000100000000)
  eden space 33280K, 0% used [0x00000000d5e00000,0x00000000d5e00000,0x00000000d7e80000)
  from space 5120K, 0% used [0x00000000d7e80000,0x00000000d7e80000,0x00000000d8380000)
  to   space 9728K, 0% used [0x00000000da880000,0x00000000da880000,0x00000000db200000)
 ParOldGen       total 47616K, used 8280K [0x0000000081a00000, 0x0000000084880000, 0x00000000d5e00000)
  object space 47616K, 17% used [0x0000000081a00000,0x00000000822160e8,0x0000000084880000)
 Metaspace       used 20529K, capacity 21184K, committed 21248K, reserved 1067008K
  class space    used 2602K, capacity 2785K, committed 2816K, reserved 1048576K
}
Event: 59.258 GC heap before
{Heap before GC invocations=7 (full 1):
 PSYoungGen      total 38400K, used 33245K [0x00000000d5e00000, 0x00000000db200000, 0x0000000100000000)
  eden space 33280K, 99% used [0x00000000d5e00000,0x00000000d7e774a0,0x00000000d7e80000)
  from space 5120K, 0% used [0x00000000d7e80000,0x00000000d7e80000,0x00000000d8380000)
  to   space 9728K, 0% used [0x00000000da880000,0x00000000da880000,0x00000000db200000)
 ParOldGen       total 47616K, used 8280K [0x0000000081a00000, 0x0000000084880000, 0x00000000d5e00000)
  object space 47616K, 17% used [0x0000000081a00000,0x00000000822160e8,0x0000000084880000)
 Metaspace       used 21502K, capacity 22236K, committed 22528K, reserved 1069056K
  class space    used 2772K, capacity 2983K, committed 3072K, reserved 1048576K
Event: 59.262 GC heap after
Heap after GC invocations=7 (full 1):
 PSYoungGen      total 73216K, used 1750K [0x00000000d5e00000, 0x00000000db100000, 0x0000000100000000)
  eden space 64512K, 0% used [0x00000000d5e00000,0x00000000d5e00000,0x00000000d9d00000)
  from space 8704K, 20% used [0x00000000da880000,0x00000000daa35ab0,0x00000000db100000)
  to   space 10240K, 0% used [0x00000000d9d00000,0x00000000d9d00000,0x00000000da700000)
 ParOldGen       total 47616K, used 8280K [0x0000000081a00000, 0x0000000084880000, 0x00000000d5e00000)
  object space 47616K, 17% used [0x0000000081a00000,0x00000000822160e8,0x0000000084880000)
 Metaspace       used 21502K, capacity 22236K, committed 22528K, reserved 1069056K
  class space    used 2772K, capacity 2983K, committed 3072K, reserved 1048576K
}

Deoptimization events (10 events):
Event: 58.112 Thread 0x000000001a8e5800 Uncommon trap: reason=unstable_if action=reinterpret pc=0x0000000002f42194 method=java.util.HashMap.putVal(ILjava/lang/Object;Ljava/lang/Object;ZZ)Ljava/lang/Object; @ 193
Event: 58.113 Thread 0x000000001a8e5800 Uncommon trap: reason=unstable_if action=reinterpret pc=0x0000000002e066c4 method=java.util.HashMap.getNode(ILjava/lang/Object;)Ljava/util/HashMap$Node; @ 129
Event: 58.146 Thread 0x000000001a2ff800 Uncommon trap: reason=unstable_if action=reinterpret pc=0x0000000002f44630 method=java.util.HashMap.putVal(ILjava/lang/Object;Ljava/lang/Object;ZZ)Ljava/lang/Object; @ 193
Event: 58.474 Thread 0x000000001a8e5800 Uncommon trap: reason=class_check action=maybe_recompile pc=0x0000000002d65bdc method=java.lang.String.equals(Ljava/lang/Object;)Z @ 8
Event: 58.529 Thread 0x000000001a8e5800 Uncommon trap: reason=class_check action=maybe_recompile pc=0x0000000002d65bdc method=java.lang.String.equals(Ljava/lang/Object;)Z @ 8
Event: 58.529 Thread 0x000000001a8e5800 Uncommon trap: reason=class_check action=maybe_recompile pc=0x0000000002d65bdc method=java.lang.String.equals(Ljava/lang/Object;)Z @ 8
Event: 58.529 Thread 0x000000001a8e5800 Uncommon trap: reason=class_check action=maybe_recompile pc=0x0000000002d65bdc method=java.lang.String.equals(Ljava/lang/Object;)Z @ 8
Event: 58.644 Thread 0x000000001a8e5800 Uncommon trap: reason=unstable_if action=reinterpret pc=0x0000000002fbe0f0 method=java.util.concurrent.ConcurrentHashMap.putVal(Ljava/lang/Object;Ljava/lang/Object;Z)Ljava/lang/Object; @ 206
Event: 58.815 Thread 0x000000001a8e5800 Uncommon trap: reason=unstable_if action=reinterpret pc=0x0000000002e3f1a0 method=java.io.WinNTFileSystem.normalize(Ljava/lang/String;)Ljava/lang/String; @ 128
Event: 59.197 Thread 0x000000001a2ff800 Uncommon trap: reason=unstable_if action=reinterpret pc=0x0000000002fcd710 method=jdk.internal.org.objectweb.asm.Type.getArgumentsAndReturnSizes(Ljava/lang/String;)I @ 47

Classes redefined (0 events):
No events

Internal exceptions (10 events):
Event: 58.753 Thread 0x000000001a8e5800 Exception <a 'java/lang/ClassNotFoundException': org/springframework/beans/factory/AwareCustomizer> (0x00000000d7429ee0) thrown at [C:\re\workspace\8-2-build-windows-amd64-cygwin\jdk8u191\11896\hotspot\src\share\vm\classfile\systemDictionary.cpp, line 210
Event: 58.754 Thread 0x000000001a8e5800 Exception <a 'java/lang/ClassNotFoundException': org/springframework/beans/factory/BeanClassLoaderAwareCustomizer> (0x00000000d74406a8) thrown at [C:\re\workspace\8-2-build-windows-amd64-cygwin\jdk8u191\11896\hotspot\src\share\vm\classfile\systemDictionar
Event: 58.762 Thread 0x000000001a8e5800 Exception <a 'java/lang/ClassNotFoundException': org/springframework/beans/factory/AwareCustomizer> (0x00000000d74542b8) thrown at [C:\re\workspace\8-2-build-windows-amd64-cygwin\jdk8u191\11896\hotspot\src\share\vm\classfile\systemDictionary.cpp, line 210
Event: 58.763 Thread 0x000000001a8e5800 Exception <a 'java/lang/ClassNotFoundException': org/springframework/context/EnvironmentAwareCustomizer> (0x00000000d7468068) thrown at [C:\re\workspace\8-2-build-windows-amd64-cygwin\jdk8u191\11896\hotspot\src\share\vm\classfile\systemDictionary.cpp, lin
Event: 58.764 Thread 0x000000001a8e5800 Exception <a 'java/lang/ClassNotFoundException': org/springframework/beans/factory/AwareCustomizer> (0x00000000d74bf758) thrown at [C:\re\workspace\8-2-build-windows-amd64-cygwin\jdk8u191\11896\hotspot\src\share\vm\classfile\systemDictionary.cpp, line 210
Event: 58.819 Thread 0x000000001a8e5800 Exception <a 'java/lang/NoSuchMethodError': java.lang.Object.lambda$comparing$77a9974f$1(Ljava/util/function/Function;Ljava/lang/Object;Ljava/lang/Object;)I> (0x00000000d7830518) thrown at [C:\re\workspace\8-2-build-windows-amd64-cygwin\jdk8u191\11896\hot
Event: 59.205 Thread 0x000000001a2ff800 Exception <a 'java/lang/IncompatibleClassChangeError': Found class java.lang.Object, but interface was expected> (0x00000000d6661980) thrown at [C:\re\workspace\8-2-build-windows-amd64-cygwin\jdk8u191\11896\hotspot\src\share\vm\interpreter\linkResolver.cp
Event: 59.417 Thread 0x000000001a8e5800 Exception <a 'java/lang/IncompatibleClassChangeError': Found class java.lang.Object, but interface was expected> (0x00000000d723e5f8) thrown at [C:\re\workspace\8-2-build-windows-amd64-cygwin\jdk8u191\11896\hotspot\src\share\vm\interpreter\linkResolver.cp
Event: 59.475 Thread 0x000000001a8e5800 Exception <a 'java/lang/NoSuchMethodError': java.lang.Object.lambda$getAllAnnotationAttributes$0(Lorg/springframework/util/MultiValueMap;)Lorg/springframework/util/MultiValueMap;> (0x00000000d7474700) thrown at [C:\re\workspace\8-2-build-windows-amd64-cyg
Event: 59.478 Thread 0x000000001a8e5800 Exception <a 'java/lang/NoSuchMethodError': java.lang.Object.lambda$identity$2(Ljava/lang/Object;)Ljava/lang/Object;> (0x00000000d7489640) thrown at [C:\re\workspace\8-2-build-windows-amd64-cygwin\jdk8u191\11896\hotspot\src\share\vm\interpreter\linkResolv

Events (10 events):
Event: 60.391 Thread 0x000000001a8e5800 DEOPT PACKING pc=0x00000000031d0164 sp=0x000000001b44d390
Event: 60.391 Thread 0x000000001a8e5800 DEOPT UNPACKING pc=0x0000000002bb7890 sp=0x000000001b44d0c0 mode 1
Event: 60.391 Thread 0x000000001a8e5800 DEOPT PACKING pc=0x0000000003114ccc sp=0x000000001b44d3f0
Event: 60.391 Thread 0x000000001a8e5800 DEOPT UNPACKING pc=0x0000000002bb7890 sp=0x000000001b44d1b8 mode 1
Event: 60.391 Thread 0x000000001a8e5800 DEOPT PACKING pc=0x0000000002d39fc1 sp=0x000000001b44d300
Event: 60.391 Thread 0x000000001a8e5800 DEOPT UNPACKING pc=0x0000000002bb7890 sp=0x000000001b44d050 mode 1
Event: 60.391 Thread 0x000000001a8e5800 DEOPT PACKING pc=0x00000000031d0164 sp=0x000000001b44d380
Event: 60.391 Thread 0x000000001a8e5800 DEOPT UNPACKING pc=0x0000000002bb7890 sp=0x000000001b44d0b0 mode 1
Event: 60.391 Thread 0x000000001a8e5800 DEOPT PACKING pc=0x0000000003114ccc sp=0x000000001b44d3e0
Event: 60.391 Thread 0x000000001a8e5800 DEOPT UNPACKING pc=0x0000000002bb7890 sp=0x000000001b44d1a8 mode 1


Dynamic libraries:
0x00007ff70b950000 - 0x00007ff70b987000 	C:\Program Files\Java\jdk1.8.0_191\bin\java.exe
0x00007ff9cf3e0000 - 0x00007ff9cf5d0000 	C:\WINDOWS\SYSTEM32\ntdll.dll
0x00007ff9ced70000 - 0x00007ff9cee22000 	C:\WINDOWS\System32\KERNEL32.DLL
0x00007ff9cc450000 - 0x00007ff9cc6f3000 	C:\WINDOWS\System32\KERNELBASE.dll
0x00007ff9ca440000 - 0x00007ff9ca4cf000 	C:\WINDOWS\SYSTEM32\apphelp.dll
0x00007ff9cd8a0000 - 0x00007ff9cd943000 	C:\WINDOWS\System32\ADVAPI32.dll
0x00007ff9ce860000 - 0x00007ff9ce8fe000 	C:\WINDOWS\System32\msvcrt.dll
0x00007ff9cf1c0000 - 0x00007ff9cf257000 	C:\WINDOWS\System32\sechost.dll
0x00007ff9ce510000 - 0x00007ff9ce630000 	C:\WINDOWS\System32\RPCRT4.dll
0x00007ff9cf020000 - 0x00007ff9cf1b4000 	C:\WINDOWS\System32\USER32.dll
0x00007ff9cceb0000 - 0x00007ff9cced1000 	C:\WINDOWS\System32\win32u.dll
0x00007ff9cf310000 - 0x00007ff9cf336000 	C:\WINDOWS\System32\GDI32.dll
0x00007ff9cd240000 - 0x00007ff9cd3d4000 	C:\WINDOWS\System32\gdi32full.dll
0x00007ff9cd150000 - 0x00007ff9cd1ee000 	C:\WINDOWS\System32\msvcp_win.dll
0x00007ff9ccee0000 - 0x00007ff9ccfda000 	C:\WINDOWS\System32\ucrtbase.dll
0x00007ff9bcce0000 - 0x00007ff9bcf65000 	C:\WINDOWS\WinSxS\amd64_microsoft.windows.common-controls_6595b64144ccf1df_6.0.18362.720_none_e6beb5c51314836b\COMCTL32.dll
0x00007ff9cd950000 - 0x00007ff9cdc86000 	C:\WINDOWS\System32\combase.dll
0x00007ff9cc3d0000 - 0x00007ff9cc450000 	C:\WINDOWS\System32\bcryptPrimitives.dll
0x00007ff9cdd60000 - 0x00007ff9cdd8e000 	C:\WINDOWS\System32\IMM32.DLL
0x000000006a9f0000 - 0x000000006aac2000 	C:\Program Files\Java\jdk1.8.0_191\jre\bin\msvcr100.dll
0x000000006aad0000 - 0x000000006b374000 	C:\Program Files\Java\jdk1.8.0_191\jre\bin\server\jvm.dll
0x00007ff9ce490000 - 0x00007ff9ce498000 	C:\WINDOWS\System32\PSAPI.DLL
0x00007ff9b96d0000 - 0x00007ff9b96d9000 	C:\WINDOWS\SYSTEM32\WSOCK32.dll
0x00007ff9cd510000 - 0x00007ff9cd57f000 	C:\WINDOWS\System32\WS2_32.dll
0x00007ff9ca210000 - 0x00007ff9ca234000 	C:\WINDOWS\SYSTEM32\WINMM.dll
0x00007ff9c1d00000 - 0x00007ff9c1d0a000 	C:\WINDOWS\SYSTEM32\VERSION.dll
0x00007ff9ca100000 - 0x00007ff9ca12d000 	C:\WINDOWS\SYSTEM32\winmmbase.dll
0x00007ff9cd1f0000 - 0x00007ff9cd23a000 	C:\WINDOWS\System32\cfgmgr32.dll
0x000000006a9a0000 - 0x000000006a9af000 	C:\Program Files\Java\jdk1.8.0_191\jre\bin\verify.dll
0x000000006a970000 - 0x000000006a999000 	C:\Program Files\Java\jdk1.8.0_191\jre\bin\java.dll
0x000000006a4c0000 - 0x000000006a4f5000 	C:\Program Files\Java\jdk1.8.0_191\jre\bin\jdwp.dll
0x000000006b4f0000 - 0x000000006b4f8000 	C:\Program Files\Java\jdk1.8.0_191\jre\bin\npt.dll
0x000000006a950000 - 0x000000006a966000 	C:\Program Files\Java\jdk1.8.0_191\jre\bin\zip.dll
0x00007ff9cdda0000 - 0x00007ff9ce485000 	C:\WINDOWS\System32\SHELL32.dll
0x00007ff9cef70000 - 0x00007ff9cf019000 	C:\WINDOWS\System32\shcore.dll
0x00007ff9cc700000 - 0x00007ff9cce80000 	C:\WINDOWS\System32\windows.storage.dll
0x00007ff9cc300000 - 0x00007ff9cc323000 	C:\WINDOWS\System32\profapi.dll
0x00007ff9cc2b0000 - 0x00007ff9cc2fa000 	C:\WINDOWS\System32\powrprof.dll
0x00007ff9cc2a0000 - 0x00007ff9cc2b0000 	C:\WINDOWS\System32\UMPDC.dll
0x00007ff9ce4a0000 - 0x00007ff9ce4f2000 	C:\WINDOWS\System32\shlwapi.dll
0x00007ff9cc330000 - 0x00007ff9cc341000 	C:\WINDOWS\System32\kernel.appcore.dll
0x00007ff9ccfe0000 - 0x00007ff9ccff7000 	C:\WINDOWS\System32\cryptsp.dll
0x000000006b4e0000 - 0x000000006b4e9000 	C:\Program Files\Java\jdk1.8.0_191\jre\bin\dt_socket.dll
0x00007ff9cbb10000 - 0x00007ff9cbb77000 	C:\WINDOWS\system32\mswsock.dll
0x000000006a6c0000 - 0x000000006a6cd000 	C:\Program Files\Java\jdk1.8.0_191\jre\bin\management.dll
0x000000006a930000 - 0x000000006a94a000 	C:\Program Files\Java\jdk1.8.0_191\jre\bin\net.dll
0x00007ff9b0f80000 - 0x00007ff9b0f96000 	C:\WINDOWS\system32\napinsp.dll
0x00007ff9b0e80000 - 0x00007ff9b0e9a000 	C:\WINDOWS\system32\pnrpnsp.dll
0x00007ff9cb860000 - 0x00007ff9cb92a000 	C:\WINDOWS\SYSTEM32\DNSAPI.dll
0x00007ff9ce500000 - 0x00007ff9ce508000 	C:\WINDOWS\System32\NSI.dll
0x00007ff9cb820000 - 0x00007ff9cb85a000 	C:\WINDOWS\SYSTEM32\IPHLPAPI.DLL
0x00007ff9b9fb0000 - 0x00007ff9b9fbe000 	C:\WINDOWS\System32\winrnr.dll
0x00007ff9c8b00000 - 0x00007ff9c8b1c000 	C:\WINDOWS\system32\NLAapi.dll
0x00007ff9c7cb0000 - 0x00007ff9c7cc5000 	C:\WINDOWS\system32\wshbth.dll
0x00007ff9bccd0000 - 0x00007ff9bccda000 	C:\Windows\System32\rasadhlp.dll
0x00007ff9bf830000 - 0x00007ff9bf8a7000 	C:\WINDOWS\System32\fwpuclnt.dll
0x00007ff9cce80000 - 0x00007ff9ccea6000 	C:\WINDOWS\System32\bcrypt.dll
0x000000006a910000 - 0x000000006a921000 	C:\Program Files\Java\jdk1.8.0_191\jre\bin\nio.dll

VM Arguments:
jvm_args: -Xdebug -Xrunjdwp:transport=dt_socket,server=n,address=58974 
java_command: br.com.cadastroapp.CadastroappApplication
java_class_path (initial): C:\Users\evert\Dropbox\cadastroapp\target\classes;C:\Users\evert\.m2\repository\com\zaxxer\HikariCP\3.4.1\HikariCP-3.4.1.jar;C:\Users\evert\.m2\repository\org\slf4j\slf4j-api\1.7.29\slf4j-api-1.7.29.jar;C:\Users\evert\.m2\repository\org\springframework\boot\spring-boot-starter-data-jpa\2.2.2.RELEASE\spring-boot-starter-data-jpa-2.2.2.RELEASE.jar;C:\Users\evert\.m2\repository\org\springframework\boot\spring-boot-starter-aop\2.2.2.RELEASE\spring-boot-starter-aop-2.2.2.RELEASE.jar;C:\Users\evert\.m2\repository\org\aspectj\aspectjweaver\1.9.5\aspectjweaver-1.9.5.jar;C:\Users\evert\.m2\repository\org\springframework\boot\spring-boot-starter-jdbc\2.2.2.RELEASE\spring-boot-starter-jdbc-2.2.2.RELEASE.jar;C:\Users\evert\.m2\repository\org\springframework\spring-jdbc\5.2.2.RELEASE\spring-jdbc-5.2.2.RELEASE.jar;C:\Users\evert\.m2\repository\jakarta\activation\jakarta.activation-api\1.2.1\jakarta.activation-api-1.2.1.jar;C:\Users\evert\.m2\repository\jakarta\persistence\jakarta.persistence-api\2.2.3\jakarta.persistence-api-2.2.3.jar;C:\Users\evert\.m2\repository\jakarta\transaction\jakarta.transaction-api\1.3.3\jakarta.transaction-api-1.3.3.jar;C:\Users\evert\.m2\repository\org\springframework\data\spring-data-jpa\2.2.3.RELEASE\spring-data-jpa-2.2.3.RELEASE.jar;C:\Users\evert\.m2\repository\org\springframework\data\spring-data-commons\2.2.3.RELEASE\spring-data-commons-2.2.3.RELEASE.jar;C:\Users\evert\.m2\repository\org\springframework\spring-orm\5.2.2.RELEASE\spring-orm-5.2.2.RELEASE.jar;C:\Users\evert\.m2\repository\org\springframework\spring-tx\5.2.2.RELEASE\spring-tx-5.2.2.RELEASE.jar;C:\Users\evert\.m2\repository\org\springframework\spring-aspects\5.2.2.RELEASE\spring-aspects-5.2.2.RELEASE.jar;C:\Users\evert\.m2\repository\org\springframework\boot\spring-boot-starter-web\2.2.2.RELEASE\spring-boot-starter-web-2.2.2.RELEASE.jar;C:\Users\evert\.m2\repository\org\springframework\boot\spring-boot-starter\2.2.2.RELEASE\spring-boot-starter-2.2.2.RELEAS
Launcher Type: SUN_STANDARD

Environment Variables:
JAVA_HOME=C:\Program Files\Java\jdk1.8.0_191
JRE_HOME=C:\Program Files\Java\jdk1.8.0_191\jre
PATH=C:\Program Files (x86)\Common Files\Oracle\Java\javapath;C:\WINDOWS\system32;C:\WINDOWS;C:\WINDOWS\System32\Wbem;C:\WINDOWS\System32\WindowsPowerShell\v1.0\;C:\Program Files (x86)\Microsoft SQL Server\Client SDK\ODBC\130\Tools\Binn\;C:\Program Files (x86)\Microsoft SQL Server\140\Tools\Binn\;C:\Program Files (x86)\Microsoft SQL Server\140\DTS\Binn\;C:\Program Files (x86)\Microsoft SQL Server\140\Tools\Binn\ManagementStudio\;C:\WINDOWS\System32\OpenSSH\;C:\Program Files\MySQL\MySQL Server 5.6\bin;C:\Program Files\Microsoft SQL Server\Client SDK\ODBC\110\Tools\Binn\;C:\Program Files (x86)\Microsoft SQL Server\120\Tools\Binn\;C:\Program Files\Microsoft SQL Server\120\Tools\Binn\;C:\Program Files\Microsoft SQL Server\120\DTS\Binn\;C:\Program Files (x86)\MySQL\MySQL Utilities 1.6\;C:\Program Files\Git\cmd;C:\Program Files\Amazon\AWSCLI\;C:\Program Files\PuTTY\;C:\Users\evert\AppData\Local\Microsoft\WindowsApps;C:\Users\evert\AppData\Local\GitHubDesktop\bin;%USERPROFILE%\AppData\Local\Microsoft\WindowsApps;
USERNAME=evert
OS=Windows_NT
PROCESSOR_IDENTIFIER=Intel64 Family 6 Model 78 Stepping 3, GenuineIntel



---------------  S Y S T E M  ---------------

OS: Windows 10.0 , 64 bit Build 18362 (10.0.18362.329)

CPU:total 4 (initial active 4) (2 cores per cpu, 2 threads per core) family 6 model 78 stepping 3, cmov, cx8, fxsr, mmx, sse, sse2, sse3, ssse3, sse4.1, sse4.2, popcnt, avx, avx2, aes, clmul, erms, 3dnowpref, lzcnt, ht, tsc, tscinvbit, bmi1, bmi2, adx

Memory: 4k page, physical 8277828k(91860k free), swap 13121560k(2056k free)

vm_info: Java HotSpot(TM) 64-Bit Server VM (25.191-b12) for windows-amd64 JRE (1.8.0_191-b12), built on Oct  6 2018 09:29:03 by "java_re" with MS VC++ 10.0 (VS2010)

time: Wed Apr 22 12:49:27 2020
elapsed time: 60 seconds (0d 0h 1m 0s)

